
> loota-nextjs@0.1.0 dev
> next dev --turbopack

   ▲ Next.js 15.3.4 (Turbopack)
   - Local:        http://localhost:3000
   - Network:      http://192.168.1.180:3000
   - Environments: .env.local

 ✓ Starting...
 ✓ Ready in 846ms
 ○ Compiling / ...
 ✓ Compiled / in 1219ms
 ⚠ Unsupported metadata viewport is configured in metadata export in /. Please move it to viewport export instead.
Read more: https://nextjs.org/docs/app/api-reference/functions/generate-viewport
 ⚠ Unsupported metadata themeColor is configured in metadata export in /. Please move it to viewport export instead.
Read more: https://nextjs.org/docs/app/api-reference/functions/generate-viewport
MapComponent rendering...
 GET / 200 in 1378ms
MapComponent rendering...
 ⚠ Unsupported metadata viewport is configured in metadata export in /. Please move it to viewport export instead.
Read more: https://nextjs.org/docs/app/api-reference/functions/generate-viewport
 ⚠ Unsupported metadata themeColor is configured in metadata export in /. Please move it to viewport export instead.
Read more: https://nextjs.org/docs/app/api-reference/functions/generate-viewport
 GET / 200 in 52ms
 ○ Compiling /hunt/[huntId] ...
 ✓ Compiled /hunt/[huntId] in 795ms
 ⚠ Unsupported metadata viewport is configured in metadata export in /hunt/4d5ca707-6b50-4103-88e5-409686d4185d. Please move it to viewport export instead.
Read more: https://nextjs.org/docs/app/api-reference/functions/generate-viewport
 ⚠ Unsupported metadata themeColor is configured in metadata export in /hunt/4d5ca707-6b50-4103-88e5-409686d4185d. Please move it to viewport export instead.
Read more: https://nextjs.org/docs/app/api-reference/functions/generate-viewport
 GET /hunt/4d5ca707-6b50-4103-88e5-409686d4185d 200 in 1426ms
 ✓ Compiled /api/hunts/[huntId] in 456ms
 GET /favicon.ico?favicon.45db1c09.ico 200 in 836ms
 GET /api/hunts/4d5ca707-6b50-4103-88e5-409686d4185d 200 in 1508ms
 GET /api/hunts/4d5ca707-6b50-4103-88e5-409686d4185d 200 in 182ms
 GET /api/hunts/4d5ca707-6b50-4103-88e5-409686d4185d 200 in 192ms
 GET /api/hunts/4d5ca707-6b50-4103-88e5-409686d4185d 200 in 195ms
 GET /api/hunts/4d5ca707-6b50-4103-88e5-409686d4185d 200 in 214ms
 GET /api/hunts/4d5ca707-6b50-4103-88e5-409686d4185d 200 in 173ms
 GET /api/hunts/4d5ca707-6b50-4103-88e5-409686d4185d 200 in 172ms
 GET /api/hunts/4d5ca707-6b50-4103-88e5-409686d4185d 200 in 175ms
 GET /api/hunts/4d5ca707-6b50-4103-88e5-409686d4185d 200 in 222ms
 GET /api/hunts/4d5ca707-6b50-4103-88e5-409686d4185d 200 in 185ms
 GET /api/hunts/4d5ca707-6b50-4103-88e5-409686d4185d 200 in 176ms
 GET /api/hunts/4d5ca707-6b50-4103-88e5-409686d4185d 200 in 178ms
 GET /api/hunts/4d5ca707-6b50-4103-88e5-409686d4185d 200 in 209ms
 GET /api/hunts/4d5ca707-6b50-4103-88e5-409686d4185d 200 in 178ms
 GET /api/hunts/4d5ca707-6b50-4103-88e5-409686d4185d 200 in 177ms
 GET /api/hunts/4d5ca707-6b50-4103-88e5-409686d4185d 200 in 179ms
 GET /api/hunts/4d5ca707-6b50-4103-88e5-409686d4185d 200 in 208ms
 GET /api/hunts/4d5ca707-6b50-4103-88e5-409686d4185d 200 in 176ms
 GET /api/hunts/4d5ca707-6b50-4103-88e5-409686d4185d 200 in 178ms
 GET /api/hunts/4d5ca707-6b50-4103-88e5-409686d4185d 200 in 178ms
 GET /api/hunts/4d5ca707-6b50-4103-88e5-409686d4185d 200 in 211ms
 GET /api/hunts/4d5ca707-6b50-4103-88e5-409686d4185d 200 in 187ms
 GET /api/hunts/4d5ca707-6b50-4103-88e5-409686d4185d 200 in 171ms
 GET /api/hunts/4d5ca707-6b50-4103-88e5-409686d4185d 200 in 178ms
 GET /api/hunts/4d5ca707-6b50-4103-88e5-409686d4185d 200 in 206ms
 GET /api/hunts/4d5ca707-6b50-4103-88e5-409686d4185d 200 in 178ms
 GET /api/hunts/4d5ca707-6b50-4103-88e5-409686d4185d 200 in 180ms
 GET /api/hunts/4d5ca707-6b50-4103-88e5-409686d4185d 200 in 175ms
 GET /api/hunts/4d5ca707-6b50-4103-88e5-409686d4185d 200 in 208ms
 GET /api/hunts/4d5ca707-6b50-4103-88e5-409686d4185d 200 in 172ms
 GET /api/hunts/4d5ca707-6b50-4103-88e5-409686d4185d 200 in 194ms
 GET /api/hunts/4d5ca707-6b50-4103-88e5-409686d4185d 200 in 180ms
 GET /api/hunts/4d5ca707-6b50-4103-88e5-409686d4185d 200 in 223ms
 GET /api/hunts/4d5ca707-6b50-4103-88e5-409686d4185d 200 in 170ms
 GET /api/hunts/4d5ca707-6b50-4103-88e5-409686d4185d 200 in 173ms
 GET /api/hunts/4d5ca707-6b50-4103-88e5-409686d4185d 200 in 162ms
 GET /api/hunts/4d5ca707-6b50-4103-88e5-409686d4185d 200 in 201ms
 GET /api/hunts/4d5ca707-6b50-4103-88e5-409686d4185d 200 in 169ms
 GET /api/hunts/4d5ca707-6b50-4103-88e5-409686d4185d 200 in 165ms
 GET /api/hunts/4d5ca707-6b50-4103-88e5-409686d4185d 200 in 177ms
 GET /api/hunts/4d5ca707-6b50-4103-88e5-409686d4185d 200 in 213ms
 GET /api/hunts/4d5ca707-6b50-4103-88e5-409686d4185d 200 in 175ms
 GET /api/hunts/4d5ca707-6b50-4103-88e5-409686d4185d 200 in 167ms
 GET /api/hunts/4d5ca707-6b50-4103-88e5-409686d4185d 200 in 168ms
 GET /api/hunts/4d5ca707-6b50-4103-88e5-409686d4185d 200 in 209ms
 GET /api/hunts/4d5ca707-6b50-4103-88e5-409686d4185d 200 in 182ms
 GET /api/hunts/4d5ca707-6b50-4103-88e5-409686d4185d 200 in 168ms
 GET /api/hunts/4d5ca707-6b50-4103-88e5-409686d4185d 200 in 168ms
 GET /api/hunts/4d5ca707-6b50-4103-88e5-409686d4185d 200 in 204ms
 GET /api/hunts/4d5ca707-6b50-4103-88e5-409686d4185d 200 in 166ms
 GET /api/hunts/4d5ca707-6b50-4103-88e5-409686d4185d 200 in 175ms
 GET /api/hunts/4d5ca707-6b50-4103-88e5-409686d4185d 200 in 189ms
 GET /api/hunts/4d5ca707-6b50-4103-88e5-409686d4185d 200 in 203ms
 GET /api/hunts/4d5ca707-6b50-4103-88e5-409686d4185d 200 in 168ms
 GET /api/hunts/4d5ca707-6b50-4103-88e5-409686d4185d 200 in 169ms
 GET /api/hunts/4d5ca707-6b50-4103-88e5-409686d4185d 200 in 173ms
 GET /api/hunts/4d5ca707-6b50-4103-88e5-409686d4185d 200 in 218ms
 GET /api/hunts/4d5ca707-6b50-4103-88e5-409686d4185d 200 in 184ms
 GET /api/hunts/4d5ca707-6b50-4103-88e5-409686d4185d 200 in 174ms
 GET /api/hunts/4d5ca707-6b50-4103-88e5-409686d4185d 200 in 174ms
 GET /api/hunts/4d5ca707-6b50-4103-88e5-409686d4185d 200 in 203ms
 GET /api/hunts/4d5ca707-6b50-4103-88e5-409686d4185d 200 in 623ms
 GET /api/hunts/4d5ca707-6b50-4103-88e5-409686d4185d 200 in 176ms
 GET /api/hunts/4d5ca707-6b50-4103-88e5-409686d4185d 200 in 183ms
 GET /api/hunts/4d5ca707-6b50-4103-88e5-409686d4185d 200 in 249ms
 GET /api/hunts/4d5ca707-6b50-4103-88e5-409686d4185d 200 in 228ms
 GET /api/hunts/4d5ca707-6b50-4103-88e5-409686d4185d 200 in 182ms
 GET /api/hunts/4d5ca707-6b50-4103-88e5-409686d4185d 200 in 178ms
 GET /api/hunts/4d5ca707-6b50-4103-88e5-409686d4185d 200 in 195ms
 GET /api/hunts/4d5ca707-6b50-4103-88e5-409686d4185d 200 in 174ms
 GET /api/hunts/4d5ca707-6b50-4103-88e5-409686d4185d 200 in 160ms
 GET /api/hunts/4d5ca707-6b50-4103-88e5-409686d4185d 200 in 174ms
 GET /api/hunts/4d5ca707-6b50-4103-88e5-409686d4185d 200 in 212ms
 GET /api/hunts/4d5ca707-6b50-4103-88e5-409686d4185d 200 in 184ms
 GET /api/hunts/4d5ca707-6b50-4103-88e5-409686d4185d 200 in 185ms
 GET /api/hunts/4d5ca707-6b50-4103-88e5-409686d4185d 200 in 221ms
 GET /api/hunts/4d5ca707-6b50-4103-88e5-409686d4185d 200 in 288ms
 GET /api/hunts/4d5ca707-6b50-4103-88e5-409686d4185d 200 in 262ms
 GET /api/hunts/4d5ca707-6b50-4103-88e5-409686d4185d 200 in 443ms
 GET /api/hunts/4d5ca707-6b50-4103-88e5-409686d4185d 200 in 719ms
 GET /api/hunts/4d5ca707-6b50-4103-88e5-409686d4185d 200 in 310ms
 GET /api/hunts/4d5ca707-6b50-4103-88e5-409686d4185d 200 in 231ms
 GET /api/hunts/4d5ca707-6b50-4103-88e5-409686d4185d 200 in 242ms
 GET /api/hunts/4d5ca707-6b50-4103-88e5-409686d4185d 200 in 301ms
 GET /api/hunts/4d5ca707-6b50-4103-88e5-409686d4185d 200 in 315ms
 GET /api/hunts/4d5ca707-6b50-4103-88e5-409686d4185d 200 in 691ms
 GET /api/hunts/4d5ca707-6b50-4103-88e5-409686d4185d 200 in 226ms
 GET /api/hunts/4d5ca707-6b50-4103-88e5-409686d4185d 200 in 258ms
 GET /api/hunts/4d5ca707-6b50-4103-88e5-409686d4185d 200 in 270ms
 GET /api/hunts/4d5ca707-6b50-4103-88e5-409686d4185d 200 in 271ms
 GET /api/hunts/4d5ca707-6b50-4103-88e5-409686d4185d 200 in 282ms
 GET /api/hunts/4d5ca707-6b50-4103-88e5-409686d4185d 200 in 698ms
 GET /api/hunts/4d5ca707-6b50-4103-88e5-409686d4185d 200 in 333ms
 GET /api/hunts/4d5ca707-6b50-4103-88e5-409686d4185d 200 in 210ms
 GET /api/hunts/4d5ca707-6b50-4103-88e5-409686d4185d 200 in 220ms
 GET /api/hunts/4d5ca707-6b50-4103-88e5-409686d4185d 200 in 252ms
 GET /api/hunts/4d5ca707-6b50-4103-88e5-409686d4185d 200 in 305ms
 GET /api/hunts/4d5ca707-6b50-4103-88e5-409686d4185d 200 in 746ms
 GET /api/hunts/4d5ca707-6b50-4103-88e5-409686d4185d 200 in 323ms
 GET /api/hunts/4d5ca707-6b50-4103-88e5-409686d4185d 200 in 318ms
 GET /api/hunts/4d5ca707-6b50-4103-88e5-409686d4185d 200 in 363ms
 GET /api/hunts/4d5ca707-6b50-4103-88e5-409686d4185d 200 in 248ms
 GET /api/hunts/4d5ca707-6b50-4103-88e5-409686d4185d 200 in 314ms
 GET /api/hunts/4d5ca707-6b50-4103-88e5-409686d4185d 200 in 615ms
 GET /api/hunts/4d5ca707-6b50-4103-88e5-409686d4185d 200 in 859ms
 GET /api/hunts/4d5ca707-6b50-4103-88e5-409686d4185d 200 in 430ms
 GET /api/hunts/4d5ca707-6b50-4103-88e5-409686d4185d 200 in 184ms
 GET /api/hunts/4d5ca707-6b50-4103-88e5-409686d4185d 200 in 177ms
 GET /api/hunts/4d5ca707-6b50-4103-88e5-409686d4185d 200 in 277ms
 GET /api/hunts/4d5ca707-6b50-4103-88e5-409686d4185d 200 in 217ms
 GET /api/hunts/4d5ca707-6b50-4103-88e5-409686d4185d 200 in 162ms
 GET /api/hunts/4d5ca707-6b50-4103-88e5-409686d4185d 200 in 185ms
 GET /api/hunts/4d5ca707-6b50-4103-88e5-409686d4185d 200 in 196ms
 GET /api/hunts/4d5ca707-6b50-4103-88e5-409686d4185d 200 in 250ms
 GET /api/hunts/4d5ca707-6b50-4103-88e5-409686d4185d 200 in 205ms
 GET /api/hunts/4d5ca707-6b50-4103-88e5-409686d4185d 200 in 191ms
 GET /api/hunts/4d5ca707-6b50-4103-88e5-409686d4185d 200 in 186ms
 GET /api/hunts/4d5ca707-6b50-4103-88e5-409686d4185d 200 in 203ms
 GET /api/hunts/4d5ca707-6b50-4103-88e5-409686d4185d 200 in 167ms
 GET /api/hunts/4d5ca707-6b50-4103-88e5-409686d4185d 200 in 277ms
 GET /api/hunts/4d5ca707-6b50-4103-88e5-409686d4185d 200 in 355ms
 GET /api/hunts/4d5ca707-6b50-4103-88e5-409686d4185d 200 in 177ms
 GET /api/hunts/4d5ca707-6b50-4103-88e5-409686d4185d 200 in 198ms
 GET /api/hunts/4d5ca707-6b50-4103-88e5-409686d4185d 200 in 190ms
 GET /api/hunts/4d5ca707-6b50-4103-88e5-409686d4185d 200 in 207ms
 GET /api/hunts/4d5ca707-6b50-4103-88e5-409686d4185d 200 in 198ms
 GET /api/hunts/4d5ca707-6b50-4103-88e5-409686d4185d 200 in 193ms
 ⚠ Unsupported metadata viewport is configured in metadata export in /hunt/4d5ca707-6b50-4103-88e5-409686d4185d. Please move it to viewport export instead.
Read more: https://nextjs.org/docs/app/api-reference/functions/generate-viewport
 ⚠ Unsupported metadata themeColor is configured in metadata export in /hunt/4d5ca707-6b50-4103-88e5-409686d4185d. Please move it to viewport export instead.
Read more: https://nextjs.org/docs/app/api-reference/functions/generate-viewport
 GET /hunt/4d5ca707-6b50-4103-88e5-409686d4185d 200 in 139ms
 GET /api/hunts/4d5ca707-6b50-4103-88e5-409686d4185d 200 in 195ms
 GET /api/hunts/4d5ca707-6b50-4103-88e5-409686d4185d 200 in 288ms
 GET /api/hunts/4d5ca707-6b50-4103-88e5-409686d4185d 200 in 197ms
 GET /api/hunts/4d5ca707-6b50-4103-88e5-409686d4185d 200 in 174ms
 GET /api/hunts/4d5ca707-6b50-4103-88e5-409686d4185d 200 in 170ms
 GET /api/hunts/4d5ca707-6b50-4103-88e5-409686d4185d 200 in 209ms
 GET /api/hunts/4d5ca707-6b50-4103-88e5-409686d4185d 200 in 171ms
 GET /api/hunts/4d5ca707-6b50-4103-88e5-409686d4185d 200 in 176ms
 GET /api/hunts/4d5ca707-6b50-4103-88e5-409686d4185d 200 in 178ms
 GET /api/hunts/4d5ca707-6b50-4103-88e5-409686d4185d 200 in 201ms
 GET /api/hunts/4d5ca707-6b50-4103-88e5-409686d4185d 200 in 171ms
 GET /api/hunts/4d5ca707-6b50-4103-88e5-409686d4185d 200 in 183ms
 GET /api/hunts/4d5ca707-6b50-4103-88e5-409686d4185d 200 in 211ms
 GET /api/hunts/4d5ca707-6b50-4103-88e5-409686d4185d 200 in 949ms
 GET /api/hunts/4d5ca707-6b50-4103-88e5-409686d4185d 200 in 270ms
 GET /api/hunts/4d5ca707-6b50-4103-88e5-409686d4185d 200 in 297ms
 GET /api/hunts/4d5ca707-6b50-4103-88e5-409686d4185d 200 in 399ms
 GET /api/hunts/4d5ca707-6b50-4103-88e5-409686d4185d 200 in 314ms
 GET /api/hunts/4d5ca707-6b50-4103-88e5-409686d4185d 200 in 361ms
 GET /api/hunts/4d5ca707-6b50-4103-88e5-409686d4185d 200 in 745ms
 GET /api/hunts/4d5ca707-6b50-4103-88e5-409686d4185d 200 in 312ms
 GET /api/hunts/4d5ca707-6b50-4103-88e5-409686d4185d 200 in 369ms
 GET /api/hunts/4d5ca707-6b50-4103-88e5-409686d4185d 200 in 1000ms
 GET /api/hunts/4d5ca707-6b50-4103-88e5-409686d4185d 200 in 344ms
 GET /api/hunts/4d5ca707-6b50-4103-88e5-409686d4185d 200 in 391ms
 GET /api/hunts/4d5ca707-6b50-4103-88e5-409686d4185d 200 in 2251ms
 GET /api/hunts/4d5ca707-6b50-4103-88e5-409686d4185d 200 in 328ms
 GET /api/hunts/4d5ca707-6b50-4103-88e5-409686d4185d 200 in 521ms
 GET /api/hunts/4d5ca707-6b50-4103-88e5-409686d4185d 200 in 403ms
 GET /api/hunts/4d5ca707-6b50-4103-88e5-409686d4185d 200 in 482ms
 GET /api/hunts/4d5ca707-6b50-4103-88e5-409686d4185d 200 in 351ms
 GET /api/hunts/4d5ca707-6b50-4103-88e5-409686d4185d 200 in 1270ms
 GET /api/hunts/4d5ca707-6b50-4103-88e5-409686d4185d 200 in 262ms
 GET /api/hunts/4d5ca707-6b50-4103-88e5-409686d4185d 200 in 358ms
 GET /api/hunts/4d5ca707-6b50-4103-88e5-409686d4185d 200 in 229ms
 GET /api/hunts/4d5ca707-6b50-4103-88e5-409686d4185d 200 in 261ms
 GET /api/hunts/4d5ca707-6b50-4103-88e5-409686d4185d 200 in 258ms
 GET /api/hunts/4d5ca707-6b50-4103-88e5-409686d4185d 200 in 698ms
 GET /api/hunts/4d5ca707-6b50-4103-88e5-409686d4185d 200 in 281ms
 GET /api/hunts/4d5ca707-6b50-4103-88e5-409686d4185d 200 in 696ms
 GET /api/hunts/4d5ca707-6b50-4103-88e5-409686d4185d 200 in 314ms
 GET /api/hunts/4d5ca707-6b50-4103-88e5-409686d4185d 200 in 226ms
 GET /api/hunts/4d5ca707-6b50-4103-88e5-409686d4185d 200 in 380ms
 GET /api/hunts/4d5ca707-6b50-4103-88e5-409686d4185d 200 in 708ms
 GET /api/hunts/4d5ca707-6b50-4103-88e5-409686d4185d 200 in 349ms
 GET /api/hunts/4d5ca707-6b50-4103-88e5-409686d4185d 200 in 463ms
 GET /api/hunts/4d5ca707-6b50-4103-88e5-409686d4185d 200 in 602ms
 GET /api/hunts/4d5ca707-6b50-4103-88e5-409686d4185d 200 in 423ms
 GET /api/hunts/4d5ca707-6b50-4103-88e5-409686d4185d 200 in 498ms
 GET /api/hunts/4d5ca707-6b50-4103-88e5-409686d4185d 200 in 713ms
 GET /api/hunts/4d5ca707-6b50-4103-88e5-409686d4185d 200 in 306ms
 GET /api/hunts/4d5ca707-6b50-4103-88e5-409686d4185d 200 in 585ms
 GET /api/hunts/4d5ca707-6b50-4103-88e5-409686d4185d 200 in 280ms
 GET /api/hunts/4d5ca707-6b50-4103-88e5-409686d4185d 200 in 299ms
 GET /api/hunts/4d5ca707-6b50-4103-88e5-409686d4185d 200 in 320ms
 GET /api/hunts/4d5ca707-6b50-4103-88e5-409686d4185d 200 in 1374ms
 GET /api/hunts/4d5ca707-6b50-4103-88e5-409686d4185d 200 in 361ms
 GET /api/hunts/4d5ca707-6b50-4103-88e5-409686d4185d 200 in 541ms
 GET /api/hunts/4d5ca707-6b50-4103-88e5-409686d4185d 200 in 572ms
 GET /api/hunts/4d5ca707-6b50-4103-88e5-409686d4185d 200 in 507ms
 GET /api/hunts/4d5ca707-6b50-4103-88e5-409686d4185d 200 in 297ms
 GET /api/hunts/4d5ca707-6b50-4103-88e5-409686d4185d 200 in 936ms
 GET /api/hunts/4d5ca707-6b50-4103-88e5-409686d4185d 200 in 325ms
 GET /api/hunts/4d5ca707-6b50-4103-88e5-409686d4185d 200 in 615ms
Error retrieving hunt: Error [PrismaClientKnownRequestError]: 
Invalid `prisma.hunt.findUnique()` invocation in
/Users/jaredgoolsby/Documents/Github/loota/loota-nextjs/.next/server/chunks/[root-of-the-server]__8a6d0d40._.js:97:40

  94         status: 400
  95     });
  96 }
→ 97 const hunt = await prisma.hunt.findUnique(
Timed out fetching a new connection from the connection pool. More info: http://pris.ly/d/connection-pool (Current connection pool timeout: 10, connection limit: 17)
    at <unknown> (src/app/api/hunts/[huntId]/route.ts:160:35)
    at async GET (src/app/api/hunts/[huntId]/route.ts:160:17)
  158 |     }
  159 |
> 160 |     const hunt = await prisma.hunt.findUnique({
      |                                   ^
  161 |       where: {
  162 |         id: huntId,
  163 |       }, {
  code: 'P2024',
  meta: [Object],
  clientVersion: '6.10.1'
}
 GET /api/hunts/4d5ca707-6b50-4103-88e5-409686d4185d 500 in 10709ms
 GET /api/hunts/4d5ca707-6b50-4103-88e5-409686d4185d 200 in 777ms
 GET /api/hunts/4d5ca707-6b50-4103-88e5-409686d4185d 200 in 286ms
 GET /api/hunts/4d5ca707-6b50-4103-88e5-409686d4185d 200 in 331ms
 GET /api/hunts/4d5ca707-6b50-4103-88e5-409686d4185d 200 in 346ms
 GET /api/hunts/4d5ca707-6b50-4103-88e5-409686d4185d 200 in 335ms
 GET /api/hunts/4d5ca707-6b50-4103-88e5-409686d4185d 200 in 335ms
 GET /api/hunts/4d5ca707-6b50-4103-88e5-409686d4185d 200 in 1786ms
 GET /api/hunts/4d5ca707-6b50-4103-88e5-409686d4185d 200 in 640ms
 GET /api/hunts/4d5ca707-6b50-4103-88e5-409686d4185d 200 in 316ms
 GET /api/hunts/4d5ca707-6b50-4103-88e5-409686d4185d 200 in 322ms
 GET /api/hunts/4d5ca707-6b50-4103-88e5-409686d4185d 200 in 4980ms
 GET /api/hunts/4d5ca707-6b50-4103-88e5-409686d4185d 200 in 342ms
 GET /api/hunts/4d5ca707-6b50-4103-88e5-409686d4185d 200 in 780ms
 GET /api/hunts/4d5ca707-6b50-4103-88e5-409686d4185d 200 in 307ms
 GET /api/hunts/4d5ca707-6b50-4103-88e5-409686d4185d 200 in 334ms
 GET /api/hunts/4d5ca707-6b50-4103-88e5-409686d4185d 200 in 403ms
 GET /api/hunts/4d5ca707-6b50-4103-88e5-409686d4185d 200 in 243ms
 GET /api/hunts/4d5ca707-6b50-4103-88e5-409686d4185d 200 in 288ms
 GET /api/hunts/4d5ca707-6b50-4103-88e5-409686d4185d 200 in 789ms
 GET /api/hunts/4d5ca707-6b50-4103-88e5-409686d4185d 200 in 505ms
 GET /api/hunts/4d5ca707-6b50-4103-88e5-409686d4185d 200 in 1500ms
 GET /api/hunts/4d5ca707-6b50-4103-88e5-409686d4185d 200 in 316ms
 GET /api/hunts/4d5ca707-6b50-4103-88e5-409686d4185d 200 in 308ms
 GET /api/hunts/4d5ca707-6b50-4103-88e5-409686d4185d 200 in 327ms
 GET /api/hunts/4d5ca707-6b50-4103-88e5-409686d4185d 200 in 696ms
 GET /api/hunts/4d5ca707-6b50-4103-88e5-409686d4185d 200 in 320ms
 GET /api/hunts/4d5ca707-6b50-4103-88e5-409686d4185d 200 in 330ms
 GET /api/hunts/4d5ca707-6b50-4103-88e5-409686d4185d 200 in 256ms
 GET /api/hunts/4d5ca707-6b50-4103-88e5-409686d4185d 200 in 283ms
 GET /api/hunts/4d5ca707-6b50-4103-88e5-409686d4185d 200 in 273ms
 GET /api/hunts/4d5ca707-6b50-4103-88e5-409686d4185d 200 in 794ms
 GET /api/hunts/4d5ca707-6b50-4103-88e5-409686d4185d 200 in 237ms
 GET /api/hunts/4d5ca707-6b50-4103-88e5-409686d4185d 200 in 277ms
 GET /api/hunts/4d5ca707-6b50-4103-88e5-409686d4185d 200 in 289ms
 GET /api/hunts/4d5ca707-6b50-4103-88e5-409686d4185d 200 in 269ms
 GET /api/hunts/4d5ca707-6b50-4103-88e5-409686d4185d 200 in 929299ms
 GET /api/hunts/4d5ca707-6b50-4103-88e5-409686d4185d 200 in 1238ms
 GET /api/hunts/4d5ca707-6b50-4103-88e5-409686d4185d 200 in 883ms
 GET /api/hunts/4d5ca707-6b50-4103-88e5-409686d4185d 200 in 740ms
 GET /api/hunts/4d5ca707-6b50-4103-88e5-409686d4185d 200 in 765ms
 GET /api/hunts/4d5ca707-6b50-4103-88e5-409686d4185d 200 in 1638ms
 GET /api/hunts/4d5ca707-6b50-4103-88e5-409686d4185d 200 in 315ms
 GET /api/hunts/4d5ca707-6b50-4103-88e5-409686d4185d 200 in 868ms
 GET /api/hunts/4d5ca707-6b50-4103-88e5-409686d4185d 200 in 1823ms
 GET /api/hunts/4d5ca707-6b50-4103-88e5-409686d4185d 200 in 1373ms
 GET /api/hunts/4d5ca707-6b50-4103-88e5-409686d4185d 200 in 293ms
 GET /api/hunts/4d5ca707-6b50-4103-88e5-409686d4185d 200 in 325ms
 GET /api/hunts/4d5ca707-6b50-4103-88e5-409686d4185d 200 in 288ms
 GET /api/hunts/4d5ca707-6b50-4103-88e5-409686d4185d 200 in 307ms
 GET /api/hunts/4d5ca707-6b50-4103-88e5-409686d4185d 200 in 770ms
 GET /api/hunts/4d5ca707-6b50-4103-88e5-409686d4185d 200 in 293ms
 GET /api/hunts/4d5ca707-6b50-4103-88e5-409686d4185d 200 in 1190ms
 GET /api/hunts/4d5ca707-6b50-4103-88e5-409686d4185d 200 in 321ms
 GET /api/hunts/4d5ca707-6b50-4103-88e5-409686d4185d 200 in 264ms
 GET /api/hunts/4d5ca707-6b50-4103-88e5-409686d4185d 200 in 377ms
 GET /api/hunts/4d5ca707-6b50-4103-88e5-409686d4185d 200 in 740ms
 GET /api/hunts/4d5ca707-6b50-4103-88e5-409686d4185d 200 in 302ms
 GET /api/hunts/4d5ca707-6b50-4103-88e5-409686d4185d 200 in 244ms
 GET /api/hunts/4d5ca707-6b50-4103-88e5-409686d4185d 200 in 248ms
 GET /api/hunts/4d5ca707-6b50-4103-88e5-409686d4185d 200 in 289ms
 GET /api/hunts/4d5ca707-6b50-4103-88e5-409686d4185d 200 in 239ms
 GET /api/hunts/4d5ca707-6b50-4103-88e5-409686d4185d 200 in 764ms
 GET /api/hunts/4d5ca707-6b50-4103-88e5-409686d4185d 200 in 230ms
 GET /api/hunts/4d5ca707-6b50-4103-88e5-409686d4185d 200 in 461ms
 GET /api/hunts/4d5ca707-6b50-4103-88e5-409686d4185d 200 in 417ms
 GET /api/hunts/4d5ca707-6b50-4103-88e5-409686d4185d 200 in 275ms
 GET /api/hunts/4d5ca707-6b50-4103-88e5-409686d4185d 200 in 248ms
 GET /api/hunts/4d5ca707-6b50-4103-88e5-409686d4185d 200 in 779ms
 GET /api/hunts/4d5ca707-6b50-4103-88e5-409686d4185d 200 in 262ms
 GET /api/hunts/4d5ca707-6b50-4103-88e5-409686d4185d 200 in 317ms
 GET /api/hunts/4d5ca707-6b50-4103-88e5-409686d4185d 200 in 341ms
 GET /api/hunts/4d5ca707-6b50-4103-88e5-409686d4185d 200 in 301ms
 GET /api/hunts/4d5ca707-6b50-4103-88e5-409686d4185d 200 in 401ms
 GET /api/hunts/4d5ca707-6b50-4103-88e5-409686d4185d 200 in 772ms
 GET /api/hunts/4d5ca707-6b50-4103-88e5-409686d4185d 200 in 327ms
 GET /api/hunts/4d5ca707-6b50-4103-88e5-409686d4185d 200 in 297ms
 GET /api/hunts/4d5ca707-6b50-4103-88e5-409686d4185d 200 in 1642ms
 GET /api/hunts/4d5ca707-6b50-4103-88e5-409686d4185d 200 in 376ms
 GET /api/hunts/4d5ca707-6b50-4103-88e5-409686d4185d 200 in 279ms
 GET /api/hunts/4d5ca707-6b50-4103-88e5-409686d4185d 200 in 693ms
 GET /api/hunts/4d5ca707-6b50-4103-88e5-409686d4185d 200 in 387ms
 GET /api/hunts/4d5ca707-6b50-4103-88e5-409686d4185d 200 in 289ms
 GET /api/hunts/4d5ca707-6b50-4103-88e5-409686d4185d 200 in 281ms
 GET /api/hunts/4d5ca707-6b50-4103-88e5-409686d4185d 200 in 310ms
 GET /api/hunts/4d5ca707-6b50-4103-88e5-409686d4185d 200 in 292ms
 GET /api/hunts/4d5ca707-6b50-4103-88e5-409686d4185d 200 in 746ms
 GET /api/hunts/4d5ca707-6b50-4103-88e5-409686d4185d 200 in 278ms
 GET /api/hunts/4d5ca707-6b50-4103-88e5-409686d4185d 200 in 295ms
 GET /api/hunts/4d5ca707-6b50-4103-88e5-409686d4185d 200 in 288ms
 GET /api/hunts/4d5ca707-6b50-4103-88e5-409686d4185d 200 in 237ms
 GET /api/hunts/4d5ca707-6b50-4103-88e5-409686d4185d 200 in 631ms
 GET /api/hunts/4d5ca707-6b50-4103-88e5-409686d4185d 200 in 670ms
 GET /api/hunts/4d5ca707-6b50-4103-88e5-409686d4185d 200 in 317ms
 GET /api/hunts/4d5ca707-6b50-4103-88e5-409686d4185d 200 in 337ms
 GET /api/hunts/4d5ca707-6b50-4103-88e5-409686d4185d 200 in 621ms
 GET /api/hunts/4d5ca707-6b50-4103-88e5-409686d4185d 200 in 313ms
 GET /api/hunts/4d5ca707-6b50-4103-88e5-409686d4185d 200 in 601ms
 GET /api/hunts/4d5ca707-6b50-4103-88e5-409686d4185d 200 in 673ms
 GET /api/hunts/4d5ca707-6b50-4103-88e5-409686d4185d 200 in 2198ms
 GET /api/hunts/4d5ca707-6b50-4103-88e5-409686d4185d 200 in 305ms
 GET /api/hunts/4d5ca707-6b50-4103-88e5-409686d4185d 200 in 214ms
 GET /api/hunts/4d5ca707-6b50-4103-88e5-409686d4185d 200 in 268ms
 GET /api/hunts/4d5ca707-6b50-4103-88e5-409686d4185d 200 in 733ms
 GET /api/hunts/4d5ca707-6b50-4103-88e5-409686d4185d 200 in 276ms
 GET /api/hunts/4d5ca707-6b50-4103-88e5-409686d4185d 200 in 755ms
 GET /api/hunts/4d5ca707-6b50-4103-88e5-409686d4185d 200 in 812ms
 GET /api/hunts/4d5ca707-6b50-4103-88e5-409686d4185d 200 in 283ms
 GET /api/hunts/4d5ca707-6b50-4103-88e5-409686d4185d 200 in 758ms
 GET /api/hunts/4d5ca707-6b50-4103-88e5-409686d4185d 200 in 297ms
 GET /api/hunts/4d5ca707-6b50-4103-88e5-409686d4185d 200 in 309ms
 GET /api/hunts/4d5ca707-6b50-4103-88e5-409686d4185d 200 in 731ms
 GET /api/hunts/4d5ca707-6b50-4103-88e5-409686d4185d 200 in 735ms
 GET /api/hunts/4d5ca707-6b50-4103-88e5-409686d4185d 200 in 896ms
 GET /api/hunts/4d5ca707-6b50-4103-88e5-409686d4185d 200 in 416ms
 GET /api/hunts/4d5ca707-6b50-4103-88e5-409686d4185d 200 in 296ms
 GET /api/hunts/4d5ca707-6b50-4103-88e5-409686d4185d 200 in 280ms
 GET /api/hunts/4d5ca707-6b50-4103-88e5-409686d4185d 200 in 301ms
 GET /api/hunts/4d5ca707-6b50-4103-88e5-409686d4185d 200 in 301ms
 GET /api/hunts/4d5ca707-6b50-4103-88e5-409686d4185d 200 in 701ms
 GET /api/hunts/4d5ca707-6b50-4103-88e5-409686d4185d 200 in 272ms
 GET /api/hunts/4d5ca707-6b50-4103-88e5-409686d4185d 200 in 321ms
 GET /api/hunts/4d5ca707-6b50-4103-88e5-409686d4185d 200 in 319ms
 GET /api/hunts/4d5ca707-6b50-4103-88e5-409686d4185d 200 in 389ms
 GET /api/hunts/4d5ca707-6b50-4103-88e5-409686d4185d 200 in 277ms
 GET /api/hunts/4d5ca707-6b50-4103-88e5-409686d4185d 200 in 726ms
 GET /api/hunts/4d5ca707-6b50-4103-88e5-409686d4185d 200 in 351ms
 GET /api/hunts/4d5ca707-6b50-4103-88e5-409686d4185d 200 in 268ms
 GET /api/hunts/4d5ca707-6b50-4103-88e5-409686d4185d 200 in 449ms
 GET /api/hunts/4d5ca707-6b50-4103-88e5-409686d4185d 200 in 210ms
 GET /api/hunts/4d5ca707-6b50-4103-88e5-409686d4185d 200 in 414ms
 GET /api/hunts/4d5ca707-6b50-4103-88e5-409686d4185d 200 in 759ms
 GET /api/hunts/4d5ca707-6b50-4103-88e5-409686d4185d 200 in 311ms
 GET /api/hunts/4d5ca707-6b50-4103-88e5-409686d4185d 200 in 416ms
 GET /api/hunts/4d5ca707-6b50-4103-88e5-409686d4185d 200 in 314ms
 GET /api/hunts/4d5ca707-6b50-4103-88e5-409686d4185d 200 in 334ms
 GET /api/hunts/4d5ca707-6b50-4103-88e5-409686d4185d 200 in 340ms
 GET /api/hunts/4d5ca707-6b50-4103-88e5-409686d4185d 200 in 802ms
 GET /api/hunts/4d5ca707-6b50-4103-88e5-409686d4185d 200 in 330ms
 GET /api/hunts/4d5ca707-6b50-4103-88e5-409686d4185d 200 in 300ms
 GET /api/hunts/4d5ca707-6b50-4103-88e5-409686d4185d 200 in 308ms
 GET /api/hunts/4d5ca707-6b50-4103-88e5-409686d4185d 200 in 287ms
 GET /api/hunts/4d5ca707-6b50-4103-88e5-409686d4185d 200 in 818ms
 GET /api/hunts/4d5ca707-6b50-4103-88e5-409686d4185d 200 in 303ms
 GET /api/hunts/4d5ca707-6b50-4103-88e5-409686d4185d 200 in 391ms
 GET /api/hunts/4d5ca707-6b50-4103-88e5-409686d4185d 200 in 331ms
 GET /api/hunts/4d5ca707-6b50-4103-88e5-409686d4185d 200 in 522ms
 GET /api/hunts/4d5ca707-6b50-4103-88e5-409686d4185d 200 in 379ms
 GET /api/hunts/4d5ca707-6b50-4103-88e5-409686d4185d 200 in 764ms
 GET /api/hunts/4d5ca707-6b50-4103-88e5-409686d4185d 200 in 283ms
 GET /api/hunts/4d5ca707-6b50-4103-88e5-409686d4185d 200 in 255ms
 GET /api/hunts/4d5ca707-6b50-4103-88e5-409686d4185d 200 in 257ms
 GET /api/hunts/4d5ca707-6b50-4103-88e5-409686d4185d 200 in 296ms
 GET /api/hunts/4d5ca707-6b50-4103-88e5-409686d4185d 200 in 284ms
 GET /api/hunts/4d5ca707-6b50-4103-88e5-409686d4185d 200 in 798ms
 GET /api/hunts/4d5ca707-6b50-4103-88e5-409686d4185d 200 in 430ms
 GET /api/hunts/4d5ca707-6b50-4103-88e5-409686d4185d 200 in 282ms
 GET /api/hunts/4d5ca707-6b50-4103-88e5-409686d4185d 200 in 266ms
 GET /api/hunts/4d5ca707-6b50-4103-88e5-409686d4185d 200 in 243ms
 GET /api/hunts/4d5ca707-6b50-4103-88e5-409686d4185d 200 in 261ms
 GET /api/hunts/4d5ca707-6b50-4103-88e5-409686d4185d 200 in 657ms
 GET /api/hunts/4d5ca707-6b50-4103-88e5-409686d4185d 200 in 323ms
 GET /api/hunts/4d5ca707-6b50-4103-88e5-409686d4185d 200 in 322ms
 GET /api/hunts/4d5ca707-6b50-4103-88e5-409686d4185d 200 in 286ms
 GET /api/hunts/4d5ca707-6b50-4103-88e5-409686d4185d 200 in 317ms
 GET /api/hunts/4d5ca707-6b50-4103-88e5-409686d4185d 200 in 274ms
 GET /api/hunts/4d5ca707-6b50-4103-88e5-409686d4185d 200 in 2234ms
 GET /api/hunts/4d5ca707-6b50-4103-88e5-409686d4185d 200 in 447ms
 GET /api/hunts/4d5ca707-6b50-4103-88e5-409686d4185d 200 in 69087ms
 GET /api/hunts/4d5ca707-6b50-4103-88e5-409686d4185d 200 in 897ms
 GET /api/hunts/4d5ca707-6b50-4103-88e5-409686d4185d 200 in 362ms
 GET /api/hunts/4d5ca707-6b50-4103-88e5-409686d4185d 200 in 467ms
 GET /api/hunts/4d5ca707-6b50-4103-88e5-409686d4185d 200 in 366ms
 GET /api/hunts/4d5ca707-6b50-4103-88e5-409686d4185d 200 in 338ms
 GET /api/hunts/4d5ca707-6b50-4103-88e5-409686d4185d 200 in 308ms
 GET /api/hunts/4d5ca707-6b50-4103-88e5-409686d4185d 200 in 759ms
 GET /api/hunts/4d5ca707-6b50-4103-88e5-409686d4185d 200 in 941ms
 GET /api/hunts/4d5ca707-6b50-4103-88e5-409686d4185d 200 in 341ms
 GET /api/hunts/4d5ca707-6b50-4103-88e5-409686d4185d 200 in 738ms
 GET /api/hunts/4d5ca707-6b50-4103-88e5-409686d4185d 200 in 980ms
 GET /api/hunts/4d5ca707-6b50-4103-88e5-409686d4185d 200 in 279ms
 GET /api/hunts/4d5ca707-6b50-4103-88e5-409686d4185d 200 in 299ms
 GET /api/hunts/4d5ca707-6b50-4103-88e5-409686d4185d 200 in 232ms
 GET /api/hunts/4d5ca707-6b50-4103-88e5-409686d4185d 200 in 940ms
 GET /api/hunts/4d5ca707-6b50-4103-88e5-409686d4185d 200 in 772ms
 GET /api/hunts/4d5ca707-6b50-4103-88e5-409686d4185d 200 in 278ms
 GET /api/hunts/4d5ca707-6b50-4103-88e5-409686d4185d 200 in 301ms
 GET /api/hunts/4d5ca707-6b50-4103-88e5-409686d4185d 200 in 921ms
 GET /api/hunts/4d5ca707-6b50-4103-88e5-409686d4185d 200 in 295ms
 GET /api/hunts/4d5ca707-6b50-4103-88e5-409686d4185d 200 in 296ms
 GET /api/hunts/4d5ca707-6b50-4103-88e5-409686d4185d 200 in 402ms
 GET /api/hunts/4d5ca707-6b50-4103-88e5-409686d4185d 200 in 327ms
 GET /api/hunts/4d5ca707-6b50-4103-88e5-409686d4185d 200 in 279ms
 GET /api/hunts/4d5ca707-6b50-4103-88e5-409686d4185d 200 in 729ms
 GET /api/hunts/4d5ca707-6b50-4103-88e5-409686d4185d 200 in 322ms
 GET /api/hunts/4d5ca707-6b50-4103-88e5-409686d4185d 200 in 302ms
 GET /api/hunts/4d5ca707-6b50-4103-88e5-409686d4185d 200 in 279ms
 GET /api/hunts/4d5ca707-6b50-4103-88e5-409686d4185d 200 in 352ms
 GET /api/hunts/4d5ca707-6b50-4103-88e5-409686d4185d 200 in 285ms
 GET /api/hunts/4d5ca707-6b50-4103-88e5-409686d4185d 200 in 741ms
 GET /api/hunts/4d5ca707-6b50-4103-88e5-409686d4185d 200 in 276ms
 GET /api/hunts/4d5ca707-6b50-4103-88e5-409686d4185d 200 in 285ms
 GET /api/hunts/4d5ca707-6b50-4103-88e5-409686d4185d 200 in 324ms
 GET /api/hunts/4d5ca707-6b50-4103-88e5-409686d4185d 200 in 764ms
 GET /api/hunts/4d5ca707-6b50-4103-88e5-409686d4185d 200 in 273ms
 GET /api/hunts/4d5ca707-6b50-4103-88e5-409686d4185d 200 in 319ms
 GET /api/hunts/4d5ca707-6b50-4103-88e5-409686d4185d 200 in 276ms
 GET /api/hunts/4d5ca707-6b50-4103-88e5-409686d4185d 200 in 266ms
 GET /api/hunts/4d5ca707-6b50-4103-88e5-409686d4185d 200 in 298ms
 GET /api/hunts/4d5ca707-6b50-4103-88e5-409686d4185d 200 in 711ms
 GET /api/hunts/4d5ca707-6b50-4103-88e5-409686d4185d 200 in 297ms
 GET /api/hunts/4d5ca707-6b50-4103-88e5-409686d4185d 200 in 786ms
 GET /api/hunts/4d5ca707-6b50-4103-88e5-409686d4185d 200 in 731ms
 GET /api/hunts/4d5ca707-6b50-4103-88e5-409686d4185d 200 in 992ms
 GET /api/hunts/4d5ca707-6b50-4103-88e5-409686d4185d 200 in 300ms
 GET /api/hunts/4d5ca707-6b50-4103-88e5-409686d4185d 200 in 294ms
 GET /api/hunts/4d5ca707-6b50-4103-88e5-409686d4185d 200 in 318ms
 GET /api/hunts/4d5ca707-6b50-4103-88e5-409686d4185d 200 in 285ms
 GET /api/hunts/4d5ca707-6b50-4103-88e5-409686d4185d 200 in 883ms
 GET /api/hunts/4d5ca707-6b50-4103-88e5-409686d4185d 200 in 315ms
 GET /api/hunts/4d5ca707-6b50-4103-88e5-409686d4185d 200 in 310ms
 GET /api/hunts/4d5ca707-6b50-4103-88e5-409686d4185d 200 in 303ms
 GET /api/hunts/4d5ca707-6b50-4103-88e5-409686d4185d 200 in 296ms
 GET /api/hunts/4d5ca707-6b50-4103-88e5-409686d4185d 200 in 491ms
 GET /api/hunts/4d5ca707-6b50-4103-88e5-409686d4185d 200 in 791ms
 GET /api/hunts/4d5ca707-6b50-4103-88e5-409686d4185d 200 in 307ms
 GET /api/hunts/4d5ca707-6b50-4103-88e5-409686d4185d 200 in 622ms
 GET /api/hunts/4d5ca707-6b50-4103-88e5-409686d4185d 200 in 280ms
 GET /api/hunts/4d5ca707-6b50-4103-88e5-409686d4185d 200 in 325ms
 GET /api/hunts/4d5ca707-6b50-4103-88e5-409686d4185d 200 in 313ms
 GET /api/hunts/4d5ca707-6b50-4103-88e5-409686d4185d 200 in 755ms
 GET /api/hunts/4d5ca707-6b50-4103-88e5-409686d4185d 200 in 305ms
 GET /api/hunts/4d5ca707-6b50-4103-88e5-409686d4185d 200 in 226ms
 GET /api/hunts/4d5ca707-6b50-4103-88e5-409686d4185d 200 in 306ms
 GET /api/hunts/4d5ca707-6b50-4103-88e5-409686d4185d 200 in 271ms
 GET /api/hunts/4d5ca707-6b50-4103-88e5-409686d4185d 200 in 292ms
 GET /api/hunts/4d5ca707-6b50-4103-88e5-409686d4185d 200 in 1409ms
 GET /api/hunts/4d5ca707-6b50-4103-88e5-409686d4185d 200 in 314ms
 GET /api/hunts/4d5ca707-6b50-4103-88e5-409686d4185d 200 in 350ms
 GET /api/hunts/4d5ca707-6b50-4103-88e5-409686d4185d 200 in 559ms
 GET /api/hunts/4d5ca707-6b50-4103-88e5-409686d4185d 200 in 265ms
 GET /api/hunts/4d5ca707-6b50-4103-88e5-409686d4185d 200 in 307ms
 GET /api/hunts/4d5ca707-6b50-4103-88e5-409686d4185d 200 in 760ms
 GET /api/hunts/4d5ca707-6b50-4103-88e5-409686d4185d 200 in 283ms
 GET /api/hunts/4d5ca707-6b50-4103-88e5-409686d4185d 200 in 331ms
 GET /api/hunts/4d5ca707-6b50-4103-88e5-409686d4185d 200 in 545ms
 GET /api/hunts/4d5ca707-6b50-4103-88e5-409686d4185d 200 in 345ms
 GET /api/hunts/4d5ca707-6b50-4103-88e5-409686d4185d 200 in 318ms
 GET /api/hunts/4d5ca707-6b50-4103-88e5-409686d4185d 200 in 1426ms
 GET /api/hunts/4d5ca707-6b50-4103-88e5-409686d4185d 200 in 1418ms
 GET /api/hunts/4d5ca707-6b50-4103-88e5-409686d4185d 200 in 362ms
 GET /api/hunts/4d5ca707-6b50-4103-88e5-409686d4185d 200 in 386ms
 GET /api/hunts/4d5ca707-6b50-4103-88e5-409686d4185d 200 in 543ms
 GET /api/hunts/4d5ca707-6b50-4103-88e5-409686d4185d 200 in 364ms
 GET /api/hunts/4d5ca707-6b50-4103-88e5-409686d4185d 200 in 866ms
 GET /api/hunts/4d5ca707-6b50-4103-88e5-409686d4185d 200 in 565ms
 GET /api/hunts/4d5ca707-6b50-4103-88e5-409686d4185d 200 in 383ms
 GET /api/hunts/4d5ca707-6b50-4103-88e5-409686d4185d 200 in 842ms
 GET /api/hunts/4d5ca707-6b50-4103-88e5-409686d4185d 200 in 292ms
 GET /api/hunts/4d5ca707-6b50-4103-88e5-409686d4185d 200 in 297ms
 GET /api/hunts/4d5ca707-6b50-4103-88e5-409686d4185d 200 in 866ms
 GET /api/hunts/4d5ca707-6b50-4103-88e5-409686d4185d 200 in 1387ms
 GET /api/hunts/4d5ca707-6b50-4103-88e5-409686d4185d 200 in 2003ms
 GET /api/hunts/4d5ca707-6b50-4103-88e5-409686d4185d 200 in 49090891ms
 GET /api/hunts/4d5ca707-6b50-4103-88e5-409686d4185d 200 in 55690036ms
 GET /api/hunts/4d5ca707-6b50-4103-88e5-409686d4185d 200 in 2525ms
MapComponent rendering...
 ⚠ Unsupported metadata viewport is configured in metadata export in /. Please move it to viewport export instead.
Read more: https://nextjs.org/docs/app/api-reference/functions/generate-viewport
 ⚠ Unsupported metadata themeColor is configured in metadata export in /. Please move it to viewport export instead.
Read more: https://nextjs.org/docs/app/api-reference/functions/generate-viewport
 GET / 200 in 784ms
 ○ Compiling /api/users/[userId] ...
 GET /api/hunts/4d5ca707-6b50-4103-88e5-409686d4185d 200 in 1013ms
 ⚠ Unsupported metadata viewport is configured in metadata export in /hunt/4d5ca707-6b50-4103-88e5-409686d4185d. Please move it to viewport export instead.
Read more: https://nextjs.org/docs/app/api-reference/functions/generate-viewport
 ⚠ Unsupported metadata themeColor is configured in metadata export in /hunt/4d5ca707-6b50-4103-88e5-409686d4185d. Please move it to viewport export instead.
Read more: https://nextjs.org/docs/app/api-reference/functions/generate-viewport
 GET /hunt/4d5ca707-6b50-4103-88e5-409686d4185d 200 in 5759ms
 GET /api/hunts/4d5ca707-6b50-4103-88e5-409686d4185d 200 in 3059ms
 GET /api/hunts/4d5ca707-6b50-4103-88e5-409686d4185d 200 in 216ms
 GET /favicon.ico?favicon.45db1c09.ico 200 in 296ms
 GET /api/hunts/4d5ca707-6b50-4103-88e5-409686d4185d 200 in 222ms
 ⚠ Unsupported metadata viewport is configured in metadata export in /hunt/4d5ca707-6b50-4103-88e5-409686d4185d. Please move it to viewport export instead.
Read more: https://nextjs.org/docs/app/api-reference/functions/generate-viewport
 ⚠ Unsupported metadata themeColor is configured in metadata export in /hunt/4d5ca707-6b50-4103-88e5-409686d4185d. Please move it to viewport export instead.
Read more: https://nextjs.org/docs/app/api-reference/functions/generate-viewport
 GET /hunt/4d5ca707-6b50-4103-88e5-409686d4185d 200 in 61ms
 GET /api/hunts/4d5ca707-6b50-4103-88e5-409686d4185d 200 in 160ms
 GET /api/hunts/4d5ca707-6b50-4103-88e5-409686d4185d 200 in 262ms
 GET /favicon.ico?favicon.45db1c09.ico 200 in 318ms
 ✓ Compiled /api/users/[userId] in 24.6s
 GET /api/users/a1b2c3d4-e5f6-7890-1234-000000000001 200 in 25237ms
 GET /api/hunts/4d5ca707-6b50-4103-88e5-409686d4185d 200 in 182ms
 GET /api/hunts/4d5ca707-6b50-4103-88e5-409686d4185d 200 in 543ms
 GET /api/hunts/4d5ca707-6b50-4103-88e5-409686d4185d 200 in 283ms
 GET /api/hunts/4d5ca707-6b50-4103-88e5-409686d4185d 200 in 674ms
 GET /api/hunts/4d5ca707-6b50-4103-88e5-409686d4185d 200 in 201ms
 GET /api/hunts/4d5ca707-6b50-4103-88e5-409686d4185d 200 in 245ms
 GET /api/hunts/4d5ca707-6b50-4103-88e5-409686d4185d 200 in 664ms
 GET /api/hunts/4d5ca707-6b50-4103-88e5-409686d4185d 200 in 600ms
 GET /api/hunts/4d5ca707-6b50-4103-88e5-409686d4185d 200 in 243ms
 GET /api/hunts/4d5ca707-6b50-4103-88e5-409686d4185d 200 in 220ms
 GET /api/hunts/4d5ca707-6b50-4103-88e5-409686d4185d 200 in 183ms
 GET /api/hunts/4d5ca707-6b50-4103-88e5-409686d4185d 200 in 458ms
 ⚠ Unsupported metadata viewport is configured in metadata export in /hunt/4d5ca707-6b50-4103-88e5-409686d4185d. Please move it to viewport export instead.
Read more: https://nextjs.org/docs/app/api-reference/functions/generate-viewport
 ⚠ Unsupported metadata themeColor is configured in metadata export in /hunt/4d5ca707-6b50-4103-88e5-409686d4185d. Please move it to viewport export instead.
Read more: https://nextjs.org/docs/app/api-reference/functions/generate-viewport
 GET /hunt/4d5ca707-6b50-4103-88e5-409686d4185d 200 in 157ms
 GET /api/hunts/4d5ca707-6b50-4103-88e5-409686d4185d 200 in 207ms
 GET /favicon.ico?favicon.45db1c09.ico 200 in 263ms
 GET /api/hunts/4d5ca707-6b50-4103-88e5-409686d4185d 200 in 195ms
 GET /api/hunts/4d5ca707-6b50-4103-88e5-409686d4185d 200 in 202ms
 GET /api/hunts/4d5ca707-6b50-4103-88e5-409686d4185d 200 in 250ms
 GET /api/hunts/4d5ca707-6b50-4103-88e5-409686d4185d 200 in 189ms
 GET /api/hunts/4d5ca707-6b50-4103-88e5-409686d4185d 200 in 265ms
 GET /api/hunts/4d5ca707-6b50-4103-88e5-409686d4185d 200 in 204ms
 GET /api/hunts/4d5ca707-6b50-4103-88e5-409686d4185d 200 in 270ms
 GET /api/hunts/4d5ca707-6b50-4103-88e5-409686d4185d 200 in 185ms
 GET /api/hunts/4d5ca707-6b50-4103-88e5-409686d4185d 200 in 168ms
 GET /api/hunts/4d5ca707-6b50-4103-88e5-409686d4185d 200 in 189ms
 GET /api/hunts/4d5ca707-6b50-4103-88e5-409686d4185d 200 in 233ms
 GET /api/hunts/4d5ca707-6b50-4103-88e5-409686d4185d 200 in 210ms
 GET /api/hunts/4d5ca707-6b50-4103-88e5-409686d4185d 200 in 188ms
 GET /api/hunts/4d5ca707-6b50-4103-88e5-409686d4185d 200 in 206ms
 GET /api/hunts/4d5ca707-6b50-4103-88e5-409686d4185d 200 in 211ms
 GET /api/hunts/4d5ca707-6b50-4103-88e5-409686d4185d 200 in 191ms
 GET /api/hunts/4d5ca707-6b50-4103-88e5-409686d4185d 200 in 219ms
 GET /api/hunts/4d5ca707-6b50-4103-88e5-409686d4185d 200 in 700ms
 GET /api/hunts/4d5ca707-6b50-4103-88e5-409686d4185d 200 in 212ms
 GET /api/hunts/4d5ca707-6b50-4103-88e5-409686d4185d 200 in 175ms
 GET /api/hunts/4d5ca707-6b50-4103-88e5-409686d4185d 200 in 202ms
 GET /api/hunts/4d5ca707-6b50-4103-88e5-409686d4185d 200 in 215ms
 GET /api/hunts/4d5ca707-6b50-4103-88e5-409686d4185d 200 in 207ms
 GET /api/hunts/4d5ca707-6b50-4103-88e5-409686d4185d 200 in 209ms
 GET /api/hunts/4d5ca707-6b50-4103-88e5-409686d4185d 200 in 204ms
 GET /api/hunts/4d5ca707-6b50-4103-88e5-409686d4185d 200 in 218ms
 GET /api/hunts/4d5ca707-6b50-4103-88e5-409686d4185d 200 in 226ms
 GET /api/hunts/4d5ca707-6b50-4103-88e5-409686d4185d 200 in 211ms
 GET /api/hunts/4d5ca707-6b50-4103-88e5-409686d4185d 200 in 231ms
 GET /api/hunts/4d5ca707-6b50-4103-88e5-409686d4185d 200 in 204ms
 GET /api/hunts/4d5ca707-6b50-4103-88e5-409686d4185d 200 in 195ms
 GET /api/hunts/4d5ca707-6b50-4103-88e5-409686d4185d 200 in 260ms
 GET /api/hunts/4d5ca707-6b50-4103-88e5-409686d4185d 200 in 257ms
 GET /api/hunts/4d5ca707-6b50-4103-88e5-409686d4185d 200 in 214ms
 GET /api/hunts/4d5ca707-6b50-4103-88e5-409686d4185d 200 in 182ms
 GET /api/hunts/4d5ca707-6b50-4103-88e5-409686d4185d 200 in 189ms
 GET /api/hunts/4d5ca707-6b50-4103-88e5-409686d4185d 200 in 230ms
 GET /api/hunts/4d5ca707-6b50-4103-88e5-409686d4185d 200 in 188ms
 GET /api/hunts/4d5ca707-6b50-4103-88e5-409686d4185d 200 in 217ms
 GET /api/hunts/4d5ca707-6b50-4103-88e5-409686d4185d 200 in 200ms
 GET /api/hunts/4d5ca707-6b50-4103-88e5-409686d4185d 200 in 215ms
 GET /api/hunts/4d5ca707-6b50-4103-88e5-409686d4185d 200 in 225ms
 GET /api/hunts/4d5ca707-6b50-4103-88e5-409686d4185d 200 in 237ms
 GET /api/hunts/4d5ca707-6b50-4103-88e5-409686d4185d 200 in 262ms
 GET /api/hunts/4d5ca707-6b50-4103-88e5-409686d4185d 200 in 242ms
 GET /api/hunts/4d5ca707-6b50-4103-88e5-409686d4185d 200 in 219ms
 GET /api/hunts/4d5ca707-6b50-4103-88e5-409686d4185d 200 in 211ms
 GET /api/hunts/4d5ca707-6b50-4103-88e5-409686d4185d 200 in 206ms
 GET /api/hunts/4d5ca707-6b50-4103-88e5-409686d4185d 200 in 402ms
 GET /api/hunts/4d5ca707-6b50-4103-88e5-409686d4185d 200 in 189ms
 GET /api/hunts/4d5ca707-6b50-4103-88e5-409686d4185d 200 in 198ms
 GET /api/hunts/4d5ca707-6b50-4103-88e5-409686d4185d 200 in 205ms
 GET /api/hunts/4d5ca707-6b50-4103-88e5-409686d4185d 200 in 233ms
 GET /api/hunts/4d5ca707-6b50-4103-88e5-409686d4185d 200 in 193ms
 GET /api/hunts/4d5ca707-6b50-4103-88e5-409686d4185d 200 in 206ms
 GET /api/hunts/4d5ca707-6b50-4103-88e5-409686d4185d 200 in 228ms
 GET /api/hunts/4d5ca707-6b50-4103-88e5-409686d4185d 200 in 246ms
 GET /api/hunts/4d5ca707-6b50-4103-88e5-409686d4185d 200 in 172ms
 GET /api/hunts/4d5ca707-6b50-4103-88e5-409686d4185d 200 in 186ms
 ⚠ Unsupported metadata viewport is configured in metadata export in /hunt/4d5ca707-6b50-4103-88e5-409686d4185d. Please move it to viewport export instead.
Read more: https://nextjs.org/docs/app/api-reference/functions/generate-viewport
 ⚠ Unsupported metadata themeColor is configured in metadata export in /hunt/4d5ca707-6b50-4103-88e5-409686d4185d. Please move it to viewport export instead.
Read more: https://nextjs.org/docs/app/api-reference/functions/generate-viewport
 GET /hunt/4d5ca707-6b50-4103-88e5-409686d4185d 200 in 118ms
 GET /api/hunts/4d5ca707-6b50-4103-88e5-409686d4185d 200 in 211ms
 GET /favicon.ico?favicon.45db1c09.ico 200 in 272ms
 GET /api/hunts/4d5ca707-6b50-4103-88e5-409686d4185d 200 in 346ms
 GET /api/hunts/4d5ca707-6b50-4103-88e5-409686d4185d 200 in 251ms
 GET /api/hunts/4d5ca707-6b50-4103-88e5-409686d4185d 200 in 306ms
 GET /api/hunts/4d5ca707-6b50-4103-88e5-409686d4185d 200 in 274ms
 GET /api/hunts/4d5ca707-6b50-4103-88e5-409686d4185d 200 in 320ms
 GET /api/hunts/4d5ca707-6b50-4103-88e5-409686d4185d 200 in 198ms
 GET /api/hunts/4d5ca707-6b50-4103-88e5-409686d4185d 200 in 201ms
 GET /api/hunts/4d5ca707-6b50-4103-88e5-409686d4185d 200 in 342ms
 GET /api/hunts/4d5ca707-6b50-4103-88e5-409686d4185d 200 in 277ms
 GET /api/hunts/4d5ca707-6b50-4103-88e5-409686d4185d 200 in 990ms
 GET /api/hunts/4d5ca707-6b50-4103-88e5-409686d4185d 200 in 202ms
 GET /api/hunts/4d5ca707-6b50-4103-88e5-409686d4185d 200 in 314ms
 GET /api/hunts/4d5ca707-6b50-4103-88e5-409686d4185d 200 in 232ms
 GET /api/hunts/4d5ca707-6b50-4103-88e5-409686d4185d 200 in 696ms
 GET /api/hunts/4d5ca707-6b50-4103-88e5-409686d4185d 200 in 224ms
 GET /api/hunts/4d5ca707-6b50-4103-88e5-409686d4185d 200 in 182ms
 GET /api/hunts/4d5ca707-6b50-4103-88e5-409686d4185d 200 in 189ms
 GET /api/hunts/4d5ca707-6b50-4103-88e5-409686d4185d 200 in 202ms
 GET /api/hunts/4d5ca707-6b50-4103-88e5-409686d4185d 200 in 196ms
 GET /api/hunts/4d5ca707-6b50-4103-88e5-409686d4185d 200 in 170ms
 GET /api/hunts/4d5ca707-6b50-4103-88e5-409686d4185d 200 in 654ms
 GET /api/hunts/4d5ca707-6b50-4103-88e5-409686d4185d 200 in 193ms
 GET /api/hunts/4d5ca707-6b50-4103-88e5-409686d4185d 200 in 223ms
 GET /api/hunts/4d5ca707-6b50-4103-88e5-409686d4185d 200 in 197ms
 GET /api/hunts/4d5ca707-6b50-4103-88e5-409686d4185d 200 in 239ms
 GET /api/hunts/4d5ca707-6b50-4103-88e5-409686d4185d 200 in 220ms
 GET /api/hunts/4d5ca707-6b50-4103-88e5-409686d4185d 200 in 240ms
 GET /api/hunts/4d5ca707-6b50-4103-88e5-409686d4185d 200 in 1853ms
 GET /api/hunts/4d5ca707-6b50-4103-88e5-409686d4185d 200 in 1949ms
Error retrieving hunt: Error [PrismaClientKnownRequestError]: 
Invalid `prisma.hunt.findUnique()` invocation in
/Users/jaredgoolsby/Documents/Github/loota/loota-nextjs/.next/server/chunks/[root-of-the-server]__8a6d0d40._.js:97:40

  94         status: 400
  95     });
  96 }
→ 97 const hunt = await prisma.hunt.findUnique(
Server has closed the connection.
    at <unknown> (src/app/api/hunts/[huntId]/route.ts:160:35)
    at async GET (src/app/api/hunts/[huntId]/route.ts:160:17)
  158 |     }
  159 |
> 160 |     const hunt = await prisma.hunt.findUnique({
      |                                   ^
  161 |       where: {
  162 |         id: huntId,
  163 |       }, {
  code: 'P1017',
  meta: [Object],
  clientVersion: '6.10.1'
}
Error retrieving hunt: Error [PrismaClientKnownRequestError]: 
Invalid `prisma.hunt.findUnique()` invocation in
/Users/jaredgoolsby/Documents/Github/loota/loota-nextjs/.next/server/chunks/[root-of-the-server]__8a6d0d40._.js:97:40

  94         status: 400
  95     });
  96 }
→ 97 const hunt = await prisma.hunt.findUnique(
Server has closed the connection.
    at <unknown> (src/app/api/hunts/[huntId]/route.ts:160:35)
    at async GET (src/app/api/hunts/[huntId]/route.ts:160:17)
  158 |     }
  159 |
> 160 |     const hunt = await prisma.hunt.findUnique({
      |                                   ^
  161 |       where: {
  162 |         id: huntId,
  163 |       }, {
  code: 'P1017',
  meta: [Object],
  clientVersion: '6.10.1'
}
 GET /api/hunts/4d5ca707-6b50-4103-88e5-409686d4185d 200 in 809ms
 GET /api/hunts/4d5ca707-6b50-4103-88e5-409686d4185d 200 in 949ms
 GET /api/hunts/4d5ca707-6b50-4103-88e5-409686d4185d 200 in 775ms
 GET /api/hunts/4d5ca707-6b50-4103-88e5-409686d4185d 200 in 855ms
 GET /api/hunts/4d5ca707-6b50-4103-88e5-409686d4185d 200 in 302ms
 GET /api/hunts/4d5ca707-6b50-4103-88e5-409686d4185d 200 in 4628ms
 GET /api/hunts/4d5ca707-6b50-4103-88e5-409686d4185d 200 in 15207ms
 GET /api/hunts/4d5ca707-6b50-4103-88e5-409686d4185d 200 in 1547ms
 GET /api/hunts/4d5ca707-6b50-4103-88e5-409686d4185d 200 in 1026ms
 GET /api/hunts/4d5ca707-6b50-4103-88e5-409686d4185d 200 in 584ms
 GET /api/hunts/4d5ca707-6b50-4103-88e5-409686d4185d 200 in 475ms
 GET /api/hunts/4d5ca707-6b50-4103-88e5-409686d4185d 200 in 254ms
 GET /api/hunts/4d5ca707-6b50-4103-88e5-409686d4185d 200 in 284ms
 GET /api/hunts/4d5ca707-6b50-4103-88e5-409686d4185d 200 in 303ms
 GET /api/hunts/4d5ca707-6b50-4103-88e5-409686d4185d 200 in 787ms
 GET /api/hunts/4d5ca707-6b50-4103-88e5-409686d4185d 200 in 567ms
 GET /api/hunts/4d5ca707-6b50-4103-88e5-409686d4185d 200 in 467ms
 GET /api/hunts/4d5ca707-6b50-4103-88e5-409686d4185d 200 in 361ms
 GET /api/hunts/4d5ca707-6b50-4103-88e5-409686d4185d 200 in 282ms
 GET /api/hunts/4d5ca707-6b50-4103-88e5-409686d4185d 200 in 779ms
 GET /api/hunts/4d5ca707-6b50-4103-88e5-409686d4185d 200 in 510ms
 ⚠ Unsupported metadata viewport is configured in metadata export in /hunt/4d5ca707-6b50-4103-88e5-409686d4185d. Please move it to viewport export instead.
Read more: https://nextjs.org/docs/app/api-reference/functions/generate-viewport
 ⚠ Unsupported metadata themeColor is configured in metadata export in /hunt/4d5ca707-6b50-4103-88e5-409686d4185d. Please move it to viewport export instead.
Read more: https://nextjs.org/docs/app/api-reference/functions/generate-viewport
 GET /hunt/4d5ca707-6b50-4103-88e5-409686d4185d 200 in 237ms
 GET /api/hunts/4d5ca707-6b50-4103-88e5-409686d4185d 200 in 183ms
 GET /favicon.ico?favicon.45db1c09.ico 200 in 266ms
 GET /api/hunts/4d5ca707-6b50-4103-88e5-409686d4185d 200 in 210ms
 GET /api/hunts/4d5ca707-6b50-4103-88e5-409686d4185d 200 in 215ms
 ⚠ Unsupported metadata viewport is configured in metadata export in /hunt/4d5ca707-6b50-4103-88e5-409686d4185d. Please move it to viewport export instead.
Read more: https://nextjs.org/docs/app/api-reference/functions/generate-viewport
 ⚠ Unsupported metadata themeColor is configured in metadata export in /hunt/4d5ca707-6b50-4103-88e5-409686d4185d. Please move it to viewport export instead.
Read more: https://nextjs.org/docs/app/api-reference/functions/generate-viewport
 GET /hunt/4d5ca707-6b50-4103-88e5-409686d4185d 200 in 88ms
 GET /api/hunts/4d5ca707-6b50-4103-88e5-409686d4185d 200 in 197ms
 GET /favicon.ico?favicon.45db1c09.ico 200 in 273ms
 GET /api/hunts/4d5ca707-6b50-4103-88e5-409686d4185d 200 in 206ms
 GET /api/hunts/4d5ca707-6b50-4103-88e5-409686d4185d 200 in 249ms
 GET /api/hunts/4d5ca707-6b50-4103-88e5-409686d4185d 200 in 493ms
 GET /api/hunts/4d5ca707-6b50-4103-88e5-409686d4185d 200 in 206ms
 GET /api/hunts/4d5ca707-6b50-4103-88e5-409686d4185d 200 in 514ms
 GET /api/hunts/4d5ca707-6b50-4103-88e5-409686d4185d 200 in 200ms
 GET /api/hunts/4d5ca707-6b50-4103-88e5-409686d4185d 200 in 243ms
 GET /api/hunts/4d5ca707-6b50-4103-88e5-409686d4185d 200 in 361ms
 GET /api/hunts/4d5ca707-6b50-4103-88e5-409686d4185d 200 in 275ms
 GET /api/hunts/4d5ca707-6b50-4103-88e5-409686d4185d 200 in 195ms
 GET /api/hunts/4d5ca707-6b50-4103-88e5-409686d4185d 200 in 392ms
 GET /api/hunts/4d5ca707-6b50-4103-88e5-409686d4185d 200 in 208ms
 GET /api/hunts/4d5ca707-6b50-4103-88e5-409686d4185d 200 in 438ms
 GET /api/hunts/4d5ca707-6b50-4103-88e5-409686d4185d 200 in 207ms
 GET /api/hunts/4d5ca707-6b50-4103-88e5-409686d4185d 200 in 240ms
 GET /api/hunts/4d5ca707-6b50-4103-88e5-409686d4185d 200 in 460ms
 GET /api/hunts/4d5ca707-6b50-4103-88e5-409686d4185d 200 in 559ms
 GET /api/hunts/4d5ca707-6b50-4103-88e5-409686d4185d 200 in 299ms
 GET /api/hunts/4d5ca707-6b50-4103-88e5-409686d4185d 200 in 246ms
 GET /api/hunts/4d5ca707-6b50-4103-88e5-409686d4185d 200 in 209ms
 GET /api/hunts/4d5ca707-6b50-4103-88e5-409686d4185d 200 in 285ms
 GET /api/hunts/4d5ca707-6b50-4103-88e5-409686d4185d 200 in 336ms
 GET /api/hunts/4d5ca707-6b50-4103-88e5-409686d4185d 200 in 220ms
 GET /api/hunts/4d5ca707-6b50-4103-88e5-409686d4185d 200 in 302ms
 GET /api/hunts/4d5ca707-6b50-4103-88e5-409686d4185d 200 in 606ms
 GET /api/hunts/4d5ca707-6b50-4103-88e5-409686d4185d 200 in 282ms
 GET /api/hunts/4d5ca707-6b50-4103-88e5-409686d4185d 200 in 464ms
 GET /api/hunts/4d5ca707-6b50-4103-88e5-409686d4185d 200 in 295ms
 GET /api/hunts/4d5ca707-6b50-4103-88e5-409686d4185d 200 in 202ms
 GET /api/hunts/4d5ca707-6b50-4103-88e5-409686d4185d 200 in 714ms
 GET /api/hunts/4d5ca707-6b50-4103-88e5-409686d4185d 200 in 235ms
 GET /api/hunts/4d5ca707-6b50-4103-88e5-409686d4185d 200 in 250ms
 GET /api/hunts/4d5ca707-6b50-4103-88e5-409686d4185d 200 in 602ms
 GET /api/hunts/4d5ca707-6b50-4103-88e5-409686d4185d 200 in 307ms
 GET /api/hunts/4d5ca707-6b50-4103-88e5-409686d4185d 200 in 205ms
 GET /api/hunts/4d5ca707-6b50-4103-88e5-409686d4185d 200 in 227ms
 GET /api/hunts/4d5ca707-6b50-4103-88e5-409686d4185d 200 in 250ms
 GET /api/hunts/4d5ca707-6b50-4103-88e5-409686d4185d 200 in 402ms
 GET /api/hunts/4d5ca707-6b50-4103-88e5-409686d4185d 200 in 200ms
 GET /api/hunts/4d5ca707-6b50-4103-88e5-409686d4185d 200 in 218ms
 GET /api/hunts/4d5ca707-6b50-4103-88e5-409686d4185d 200 in 241ms
 GET /api/hunts/4d5ca707-6b50-4103-88e5-409686d4185d 200 in 274ms
 GET /api/hunts/4d5ca707-6b50-4103-88e5-409686d4185d 200 in 199ms
 GET /api/hunts/4d5ca707-6b50-4103-88e5-409686d4185d 200 in 263ms
 GET /api/hunts/4d5ca707-6b50-4103-88e5-409686d4185d 200 in 234ms
 GET /api/hunts/4d5ca707-6b50-4103-88e5-409686d4185d 200 in 274ms
 GET /api/hunts/4d5ca707-6b50-4103-88e5-409686d4185d 200 in 198ms
 GET /api/hunts/4d5ca707-6b50-4103-88e5-409686d4185d 200 in 263ms
 GET /api/hunts/4d5ca707-6b50-4103-88e5-409686d4185d 200 in 319ms
 GET /api/hunts/4d5ca707-6b50-4103-88e5-409686d4185d 200 in 231ms
 GET /api/hunts/4d5ca707-6b50-4103-88e5-409686d4185d 200 in 395ms
 GET /api/hunts/4d5ca707-6b50-4103-88e5-409686d4185d 200 in 328ms
 GET /api/hunts/4d5ca707-6b50-4103-88e5-409686d4185d 200 in 551ms
 GET /api/hunts/4d5ca707-6b50-4103-88e5-409686d4185d 200 in 250ms
 GET /api/hunts/4d5ca707-6b50-4103-88e5-409686d4185d 200 in 336ms
 GET /api/hunts/4d5ca707-6b50-4103-88e5-409686d4185d 200 in 2703ms
 GET /api/hunts/4d5ca707-6b50-4103-88e5-409686d4185d 200 in 209ms
 GET /api/hunts/4d5ca707-6b50-4103-88e5-409686d4185d 200 in 211ms
 GET /api/hunts/4d5ca707-6b50-4103-88e5-409686d4185d 200 in 206ms
 GET /api/hunts/4d5ca707-6b50-4103-88e5-409686d4185d 200 in 274ms
 GET /api/hunts/4d5ca707-6b50-4103-88e5-409686d4185d 200 in 484ms
 GET /api/hunts/4d5ca707-6b50-4103-88e5-409686d4185d 200 in 3977ms
 GET /api/hunts/4d5ca707-6b50-4103-88e5-409686d4185d 200 in 500ms
 GET /api/hunts/4d5ca707-6b50-4103-88e5-409686d4185d 200 in 472ms
 GET /api/hunts/4d5ca707-6b50-4103-88e5-409686d4185d 200 in 194ms
 GET /api/hunts/4d5ca707-6b50-4103-88e5-409686d4185d 200 in 563ms
 GET /api/hunts/4d5ca707-6b50-4103-88e5-409686d4185d 200 in 7521ms
 GET /api/hunts/4d5ca707-6b50-4103-88e5-409686d4185d 200 in 183ms
 GET /api/hunts/4d5ca707-6b50-4103-88e5-409686d4185d 200 in 1265ms
 GET /api/hunts/4d5ca707-6b50-4103-88e5-409686d4185d 200 in 216ms
 GET /api/hunts/4d5ca707-6b50-4103-88e5-409686d4185d 200 in 437ms
 GET /api/hunts/4d5ca707-6b50-4103-88e5-409686d4185d 200 in 1157ms
 GET /api/hunts/4d5ca707-6b50-4103-88e5-409686d4185d 200 in 259ms
 GET /api/hunts/4d5ca707-6b50-4103-88e5-409686d4185d 200 in 226ms
 GET /api/hunts/4d5ca707-6b50-4103-88e5-409686d4185d 200 in 226ms
 GET /api/hunts/4d5ca707-6b50-4103-88e5-409686d4185d 200 in 552ms
 GET /api/hunts/4d5ca707-6b50-4103-88e5-409686d4185d 200 in 535ms
 GET /api/hunts/4d5ca707-6b50-4103-88e5-409686d4185d 200 in 214ms
 GET /api/hunts/4d5ca707-6b50-4103-88e5-409686d4185d 200 in 239ms
 GET /api/hunts/4d5ca707-6b50-4103-88e5-409686d4185d 200 in 208ms
 GET /api/hunts/4d5ca707-6b50-4103-88e5-409686d4185d 200 in 238ms
 GET /api/hunts/4d5ca707-6b50-4103-88e5-409686d4185d 200 in 184ms
 GET /api/hunts/4d5ca707-6b50-4103-88e5-409686d4185d 200 in 224ms
 ⚠ Unsupported metadata viewport is configured in metadata export in /hunt/4d5ca707-6b50-4103-88e5-409686d4185d. Please move it to viewport export instead.
Read more: https://nextjs.org/docs/app/api-reference/functions/generate-viewport
 ⚠ Unsupported metadata themeColor is configured in metadata export in /hunt/4d5ca707-6b50-4103-88e5-409686d4185d. Please move it to viewport export instead.
Read more: https://nextjs.org/docs/app/api-reference/functions/generate-viewport
 GET /api/hunts/4d5ca707-6b50-4103-88e5-409686d4185d 200 in 265ms
 GET /hunt/4d5ca707-6b50-4103-88e5-409686d4185d 200 in 342ms
 GET /api/hunts/4d5ca707-6b50-4103-88e5-409686d4185d 200 in 232ms
 GET /favicon.ico?favicon.45db1c09.ico 200 in 278ms
 GET /api/hunts/4d5ca707-6b50-4103-88e5-409686d4185d 200 in 254ms
 GET /api/hunts/4d5ca707-6b50-4103-88e5-409686d4185d 200 in 197ms
 GET /api/hunts/4d5ca707-6b50-4103-88e5-409686d4185d 200 in 289ms
 GET /api/hunts/4d5ca707-6b50-4103-88e5-409686d4185d 200 in 264ms
 GET /api/hunts/4d5ca707-6b50-4103-88e5-409686d4185d 200 in 203ms
 GET /api/hunts/4d5ca707-6b50-4103-88e5-409686d4185d 200 in 285ms
 GET /api/hunts/4d5ca707-6b50-4103-88e5-409686d4185d 200 in 282ms
 GET /api/hunts/4d5ca707-6b50-4103-88e5-409686d4185d 200 in 300ms
 GET /api/hunts/4d5ca707-6b50-4103-88e5-409686d4185d 200 in 198ms
 GET /api/hunts/4d5ca707-6b50-4103-88e5-409686d4185d 200 in 175ms
 GET /api/hunts/4d5ca707-6b50-4103-88e5-409686d4185d 200 in 319ms
 GET /api/hunts/4d5ca707-6b50-4103-88e5-409686d4185d 200 in 218ms
 GET /api/hunts/4d5ca707-6b50-4103-88e5-409686d4185d 200 in 185ms
 GET /api/hunts/4d5ca707-6b50-4103-88e5-409686d4185d 200 in 270ms
 GET /api/hunts/4d5ca707-6b50-4103-88e5-409686d4185d 200 in 230ms
 GET /api/hunts/4d5ca707-6b50-4103-88e5-409686d4185d 200 in 191ms
 GET /api/hunts/4d5ca707-6b50-4103-88e5-409686d4185d 200 in 244ms
 GET /api/hunts/4d5ca707-6b50-4103-88e5-409686d4185d 200 in 215ms
 GET /api/hunts/4d5ca707-6b50-4103-88e5-409686d4185d 200 in 178ms
 GET /api/hunts/4d5ca707-6b50-4103-88e5-409686d4185d 200 in 180ms
 GET /api/hunts/4d5ca707-6b50-4103-88e5-409686d4185d 200 in 177ms
 GET /api/hunts/4d5ca707-6b50-4103-88e5-409686d4185d 200 in 236ms
 GET /api/hunts/4d5ca707-6b50-4103-88e5-409686d4185d 200 in 188ms
 GET /api/hunts/4d5ca707-6b50-4103-88e5-409686d4185d 200 in 314ms
 GET /api/hunts/4d5ca707-6b50-4103-88e5-409686d4185d 200 in 218ms
 GET /api/hunts/4d5ca707-6b50-4103-88e5-409686d4185d 200 in 215ms
 GET /api/hunts/4d5ca707-6b50-4103-88e5-409686d4185d 200 in 214ms
 GET /api/hunts/4d5ca707-6b50-4103-88e5-409686d4185d 200 in 198ms
 GET /api/hunts/4d5ca707-6b50-4103-88e5-409686d4185d 200 in 199ms
 GET /api/hunts/4d5ca707-6b50-4103-88e5-409686d4185d 200 in 211ms
 GET /api/hunts/4d5ca707-6b50-4103-88e5-409686d4185d 200 in 189ms
 GET /api/hunts/4d5ca707-6b50-4103-88e5-409686d4185d 200 in 183ms
 GET /api/hunts/4d5ca707-6b50-4103-88e5-409686d4185d 200 in 675ms
 GET /api/hunts/4d5ca707-6b50-4103-88e5-409686d4185d 200 in 173ms
 GET /api/hunts/4d5ca707-6b50-4103-88e5-409686d4185d 200 in 161ms
 GET /api/hunts/4d5ca707-6b50-4103-88e5-409686d4185d 200 in 167ms
 GET /api/hunts/4d5ca707-6b50-4103-88e5-409686d4185d 200 in 202ms
 GET /api/hunts/4d5ca707-6b50-4103-88e5-409686d4185d 200 in 761ms
 GET /api/hunts/4d5ca707-6b50-4103-88e5-409686d4185d 200 in 523ms
 GET /api/hunts/4d5ca707-6b50-4103-88e5-409686d4185d 200 in 494ms
 GET /api/hunts/4d5ca707-6b50-4103-88e5-409686d4185d 200 in 302ms
 GET /api/hunts/4d5ca707-6b50-4103-88e5-409686d4185d 200 in 302ms
 GET /api/hunts/4d5ca707-6b50-4103-88e5-409686d4185d 200 in 208ms
 GET /api/hunts/4d5ca707-6b50-4103-88e5-409686d4185d 200 in 186ms
 GET /api/hunts/4d5ca707-6b50-4103-88e5-409686d4185d 200 in 188ms
 GET /api/hunts/4d5ca707-6b50-4103-88e5-409686d4185d 200 in 219ms
 GET /api/hunts/4d5ca707-6b50-4103-88e5-409686d4185d 200 in 183ms
 GET /api/hunts/4d5ca707-6b50-4103-88e5-409686d4185d 200 in 189ms
 GET /api/hunts/4d5ca707-6b50-4103-88e5-409686d4185d 200 in 676ms
 GET /api/hunts/4d5ca707-6b50-4103-88e5-409686d4185d 200 in 169ms
 GET /api/hunts/4d5ca707-6b50-4103-88e5-409686d4185d 200 in 201ms
 GET /api/hunts/4d5ca707-6b50-4103-88e5-409686d4185d 200 in 185ms
 GET /api/hunts/4d5ca707-6b50-4103-88e5-409686d4185d 200 in 217ms
 GET /api/hunts/4d5ca707-6b50-4103-88e5-409686d4185d 200 in 279ms
 GET /api/hunts/4d5ca707-6b50-4103-88e5-409686d4185d 200 in 328ms
 GET /api/hunts/4d5ca707-6b50-4103-88e5-409686d4185d 200 in 466ms
 GET /api/hunts/4d5ca707-6b50-4103-88e5-409686d4185d 200 in 472ms
 GET /api/hunts/4d5ca707-6b50-4103-88e5-409686d4185d 200 in 237ms
 GET /api/hunts/4d5ca707-6b50-4103-88e5-409686d4185d 200 in 213ms
 GET /api/hunts/4d5ca707-6b50-4103-88e5-409686d4185d 200 in 182ms
 GET /api/hunts/4d5ca707-6b50-4103-88e5-409686d4185d 200 in 220ms
 GET /api/hunts/4d5ca707-6b50-4103-88e5-409686d4185d 200 in 234ms
 GET /api/hunts/4d5ca707-6b50-4103-88e5-409686d4185d 200 in 188ms
 GET /api/hunts/4d5ca707-6b50-4103-88e5-409686d4185d 200 in 2623ms
 GET /api/hunts/4d5ca707-6b50-4103-88e5-409686d4185d 200 in 560ms
 GET /api/hunts/4d5ca707-6b50-4103-88e5-409686d4185d 200 in 238ms
 GET /api/hunts/4d5ca707-6b50-4103-88e5-409686d4185d 200 in 188ms
 GET /api/hunts/4d5ca707-6b50-4103-88e5-409686d4185d 200 in 213ms
 GET /api/hunts/4d5ca707-6b50-4103-88e5-409686d4185d 200 in 185ms
 GET /api/hunts/4d5ca707-6b50-4103-88e5-409686d4185d 200 in 190ms
 GET /api/hunts/4d5ca707-6b50-4103-88e5-409686d4185d 200 in 177ms
 GET /api/hunts/4d5ca707-6b50-4103-88e5-409686d4185d 200 in 270ms
 GET /api/hunts/4d5ca707-6b50-4103-88e5-409686d4185d 200 in 176ms
 GET /api/hunts/4d5ca707-6b50-4103-88e5-409686d4185d 200 in 192ms
 GET /api/hunts/4d5ca707-6b50-4103-88e5-409686d4185d 200 in 185ms
 GET /api/hunts/4d5ca707-6b50-4103-88e5-409686d4185d 200 in 219ms
 ⚠ Unsupported metadata viewport is configured in metadata export in /hunt/4d5ca707-6b50-4103-88e5-409686d4185d. Please move it to viewport export instead.
Read more: https://nextjs.org/docs/app/api-reference/functions/generate-viewport
 ⚠ Unsupported metadata themeColor is configured in metadata export in /hunt/4d5ca707-6b50-4103-88e5-409686d4185d. Please move it to viewport export instead.
Read more: https://nextjs.org/docs/app/api-reference/functions/generate-viewport
 GET /hunt/4d5ca707-6b50-4103-88e5-409686d4185d 200 in 296ms
 GET /api/hunts/4d5ca707-6b50-4103-88e5-409686d4185d 200 in 296ms
 GET /favicon.ico?favicon.45db1c09.ico 200 in 393ms
 GET /api/hunts/4d5ca707-6b50-4103-88e5-409686d4185d 200 in 177ms
 GET /api/hunts/4d5ca707-6b50-4103-88e5-409686d4185d 200 in 183ms
 GET /api/hunts/4d5ca707-6b50-4103-88e5-409686d4185d 200 in 239ms
 GET /api/hunts/4d5ca707-6b50-4103-88e5-409686d4185d 200 in 198ms
 GET /api/hunts/4d5ca707-6b50-4103-88e5-409686d4185d 200 in 225ms
 GET /api/hunts/4d5ca707-6b50-4103-88e5-409686d4185d 200 in 181ms
 GET /api/hunts/4d5ca707-6b50-4103-88e5-409686d4185d 200 in 254ms
 GET /api/hunts/4d5ca707-6b50-4103-88e5-409686d4185d 200 in 194ms
 GET /api/hunts/4d5ca707-6b50-4103-88e5-409686d4185d 200 in 210ms
 GET /api/hunts/4d5ca707-6b50-4103-88e5-409686d4185d 200 in 171ms
 GET /api/hunts/4d5ca707-6b50-4103-88e5-409686d4185d 200 in 232ms
 GET /api/hunts/4d5ca707-6b50-4103-88e5-409686d4185d 200 in 190ms
 GET /api/hunts/4d5ca707-6b50-4103-88e5-409686d4185d 200 in 184ms
 GET /api/hunts/4d5ca707-6b50-4103-88e5-409686d4185d 200 in 396ms
 GET /api/hunts/4d5ca707-6b50-4103-88e5-409686d4185d 200 in 445ms
 GET /api/hunts/4d5ca707-6b50-4103-88e5-409686d4185d 200 in 365ms
 GET /api/hunts/4d5ca707-6b50-4103-88e5-409686d4185d 200 in 599ms
 GET /api/hunts/4d5ca707-6b50-4103-88e5-409686d4185d 200 in 243ms
 GET /api/hunts/4d5ca707-6b50-4103-88e5-409686d4185d 200 in 173ms
 GET /api/hunts/4d5ca707-6b50-4103-88e5-409686d4185d 200 in 174ms
 GET /api/hunts/4d5ca707-6b50-4103-88e5-409686d4185d 200 in 215ms
 GET /api/hunts/4d5ca707-6b50-4103-88e5-409686d4185d 200 in 186ms
 GET /api/hunts/4d5ca707-6b50-4103-88e5-409686d4185d 200 in 298ms
 GET /api/hunts/4d5ca707-6b50-4103-88e5-409686d4185d 200 in 405ms
 ○ Compiling /api/hunts/[huntId]/participants ...
 ✓ Compiled /api/hunts/[huntId]/participants in 2.6s
 POST /api/hunts/4d5ca707-6b50-4103-88e5-409686d4185d/participants 201 in 3734ms
 GET /api/hunts/4d5ca707-6b50-4103-88e5-409686d4185d 200 in 659ms
 ✓ Compiled /api/hunts/[huntId]/pins/[pinId]/collect in 481ms
 POST /api/hunts/4d5ca707-6b50-4103-88e5-409686d4185d/pins/8e345f02-ad58-4ec3-8290-4aaa2ba19273/collect 200 in 1638ms
 GET /api/hunts/4d5ca707-6b50-4103-88e5-409686d4185d 200 in 260ms
Error adding user to hunt: Error [PrismaClientKnownRequestError]: 
Invalid `prisma.user.findUnique()` invocation in
/Users/jaredgoolsby/Documents/Github/loota/loota-nextjs/.next/server/chunks/[root-of-the-server]__e4cdab38._.js:103:46

  100         id: huntId
  101     }
  102 });
→ 103 const userExists = await prisma.user.findUnique(
Inconsistent column data: Error creating UUID, invalid character: expected an optional prefix of `urn:uuid:` followed by [0-9a-fA-F-], found `t` at 1
    at <unknown> (src/app/api/hunts/[huntId]/participants/route.ts:107:41)
    at async POST (src/app/api/hunts/[huntId]/participants/route.ts:107:23)
  105 |     // Check if hunt and user exist
  106 |     const huntExists = await prisma.hunt.findUnique({ where: { id: huntId } });
> 107 |     const userExists = await prisma.user.findUnique({ where: { id: userId } });
      |                                         ^
  108 |
  109 |     if (!huntExists || !userExists) {
  110 |       return NextResponse.json({ error: 'Hunt or User not found' }, { status: 404 }); {
  code: 'P2023',
  meta: [Object],
  clientVersion: '6.10.1'
}
 POST /api/hunts/4d5ca707-6b50-4103-88e5-409686d4185d/participants 500 in 212ms
 GET /api/hunts/4d5ca707-6b50-4103-88e5-409686d4185d 404 in 114ms
 GET /api/hunts/4d5ca707-6b50-4103-88e5-409686d4185d 404 in 118ms
 GET /api/hunts/4d5ca707-6b50-4103-88e5-409686d4185d 404 in 170ms
Unauthorized participant join attempt: { providedKey: 'none', timestamp: '2025-08-04T04:00:28.806Z' }
 POST /api/hunts/4d5ca707-6b50-4103-88e5-409686d4185d/participants 401 in 114ms
Unauthorized pin collection attempt: { providedKey: 'none', timestamp: '2025-08-04T04:00:35.030Z' }
 POST /api/hunts/4d5ca707-6b50-4103-88e5-409686d4185d/pins/8e345f02-ad58-4ec3-8290-4aaa2ba19273/collect 401 in 71ms
Participant join request: {
  huntId: '4d5ca707-6b50-4103-88e5-409686d4185d',
  userId: 'test-new-user',
  participantPhone: '+19***',
  timestamp: '2025-08-04T04:00:43.592Z'
}
Error adding user to hunt: Error [PrismaClientKnownRequestError]: 
Invalid `prisma.user.findUnique()` invocation in
/Users/jaredgoolsby/Documents/Github/loota/loota-nextjs/.next/server/chunks/[root-of-the-server]__e4cdab38._.js:123:46

  120         id: huntId
  121     }
  122 });
→ 123 const userExists = await prisma.user.findUnique(
Inconsistent column data: Error creating UUID, invalid character: expected an optional prefix of `urn:uuid:` followed by [0-9a-fA-F-], found `t` at 1
    at <unknown> (src/app/api/hunts/[huntId]/participants/route.ts:125:41)
    at async POST (src/app/api/hunts/[huntId]/participants/route.ts:125:23)
  123 |     // Check if hunt and user exist
  124 |     const huntExists = await prisma.hunt.findUnique({ where: { id: huntId } });
> 125 |     const userExists = await prisma.user.findUnique({ where: { id: userId } });
      |                                         ^
  126 |
  127 |     if (!huntExists) {
  128 |       console.error('Hunt not found:', { huntId, timestamp: new Date().toISOString() }); {
  code: 'P2023',
  meta: [Object],
  clientVersion: '6.10.1'
}
 POST /api/hunts/4d5ca707-6b50-4103-88e5-409686d4185d/participants 500 in 798ms
 ✓ Compiled /api/users/register in 395ms
 POST /api/users/register 201 in 910ms
Participant join request: {
  huntId: '4d5ca707-6b50-4103-88e5-409686d4185d',
  userId: '45da4c1c-ef42-4714-bdd7-5b95eac5fa8e',
  participantPhone: '+19***',
  timestamp: '2025-08-04T04:00:58.410Z'
}
Hunt not found: {
  huntId: '4d5ca707-6b50-4103-88e5-409686d4185d',
  timestamp: '2025-08-04T04:00:58.480Z'
}
 POST /api/hunts/4d5ca707-6b50-4103-88e5-409686d4185d/participants 404 in 102ms
 GET /api/hunts/4d5ca707-6b50-4103-88e5-409686d4185d 404 in 126ms
 GET /api/hunts/4d5ca707-6b50-4103-88e5-409686d4185d 404 in 48ms
 ✓ Compiled /api/hunts in 266ms
 GET /api/hunts 200 in 638ms
 GET /api/hunts/4d5ca707-6b50-4103-88e5-409686d4185d 404 in 147ms
 GET /api/hunts/4d5ca707-6b50-4103-88e5-409686d4185d 404 in 435ms
 GET /api/hunts/4d5ca707-6b50-4103-88e5-409686d4185d 404 in 176ms
 GET /api/hunts/4d5ca707-6b50-4103-88e5-409686d4185d 404 in 132ms
 GET /api/hunts/4d5ca707-6b50-4103-88e5-409686d4185d 404 in 129ms
MapComponent rendering...
 ⚠ Unsupported metadata viewport is configured in metadata export in /. Please move it to viewport export instead.
Read more: https://nextjs.org/docs/app/api-reference/functions/generate-viewport
 ⚠ Unsupported metadata themeColor is configured in metadata export in /. Please move it to viewport export instead.
Read more: https://nextjs.org/docs/app/api-reference/functions/generate-viewport
 GET / 200 in 97ms
 GET /favicon.ico?favicon.45db1c09.ico 200 in 252ms
 GET /api/users/a1b2c3d4-e5f6-7890-1234-000000000001 404 in 935ms
 GET /api/hunts/4d5ca707-6b50-4103-88e5-409686d4185d 404 in 272ms
Creator user with ID a1b2c3d4-e5f6-7890-1234-000000000001 not found. Creating user: Dungeon Master
 POST /api/hunts 201 in 951ms
 GET /api/hunts/4d5ca707-6b50-4103-88e5-409686d4185d 404 in 131ms
 GET /api/hunts/4d5ca707-6b50-4103-88e5-409686d4185d 404 in 73ms
 ⚠ Unsupported metadata viewport is configured in metadata export in /hunt/f516aa8f-a23d-450f-8d93-64f06c765b9d. Please move it to viewport export instead.
Read more: https://nextjs.org/docs/app/api-reference/functions/generate-viewport
 ⚠ Unsupported metadata themeColor is configured in metadata export in /hunt/f516aa8f-a23d-450f-8d93-64f06c765b9d. Please move it to viewport export instead.
Read more: https://nextjs.org/docs/app/api-reference/functions/generate-viewport
 GET /hunt/f516aa8f-a23d-450f-8d93-64f06c765b9d 200 in 72ms
 GET /api/hunts/f516aa8f-a23d-450f-8d93-64f06c765b9d 200 in 647ms
 GET /api/hunts/f516aa8f-a23d-450f-8d93-64f06c765b9d 200 in 202ms
 GET /api/hunts/f516aa8f-a23d-450f-8d93-64f06c765b9d 200 in 255ms
 GET /api/hunts/f516aa8f-a23d-450f-8d93-64f06c765b9d 200 in 185ms
 GET /api/hunts/f516aa8f-a23d-450f-8d93-64f06c765b9d 200 in 272ms
 GET /api/hunts/f516aa8f-a23d-450f-8d93-64f06c765b9d 200 in 338ms
 GET /api/hunts/f516aa8f-a23d-450f-8d93-64f06c765b9d 200 in 182ms
 GET /api/hunts/f516aa8f-a23d-450f-8d93-64f06c765b9d 200 in 224ms
 GET /api/hunts/f516aa8f-a23d-450f-8d93-64f06c765b9d 200 in 191ms
 GET /api/hunts/f516aa8f-a23d-450f-8d93-64f06c765b9d 200 in 192ms
 GET /api/hunts/f516aa8f-a23d-450f-8d93-64f06c765b9d 200 in 210ms
 GET /api/hunts/f516aa8f-a23d-450f-8d93-64f06c765b9d 200 in 229ms
 GET /api/hunts/f516aa8f-a23d-450f-8d93-64f06c765b9d 200 in 210ms
 GET /api/hunts/f516aa8f-a23d-450f-8d93-64f06c765b9d 200 in 196ms
 GET /api/hunts/f516aa8f-a23d-450f-8d93-64f06c765b9d 200 in 194ms
 GET /api/hunts/f516aa8f-a23d-450f-8d93-64f06c765b9d 200 in 221ms
 GET /api/hunts/f516aa8f-a23d-450f-8d93-64f06c765b9d 200 in 195ms
 GET /api/hunts/f516aa8f-a23d-450f-8d93-64f06c765b9d 200 in 185ms
 GET /api/hunts/f516aa8f-a23d-450f-8d93-64f06c765b9d 200 in 179ms
 GET /api/hunts/f516aa8f-a23d-450f-8d93-64f06c765b9d 200 in 268ms
 GET /api/hunts/f516aa8f-a23d-450f-8d93-64f06c765b9d 200 in 179ms
 GET /api/hunts/f516aa8f-a23d-450f-8d93-64f06c765b9d 200 in 211ms
 GET /api/hunts/f516aa8f-a23d-450f-8d93-64f06c765b9d 200 in 180ms
 GET /api/hunts/f516aa8f-a23d-450f-8d93-64f06c765b9d 200 in 218ms
 GET /api/hunts/f516aa8f-a23d-450f-8d93-64f06c765b9d 200 in 180ms
 GET /api/hunts/f516aa8f-a23d-450f-8d93-64f06c765b9d 200 in 240ms
 GET /api/hunts/f516aa8f-a23d-450f-8d93-64f06c765b9d 200 in 210ms
 GET /api/hunts/f516aa8f-a23d-450f-8d93-64f06c765b9d 200 in 250ms
 GET /api/hunts/f516aa8f-a23d-450f-8d93-64f06c765b9d 200 in 219ms
 GET /api/hunts/f516aa8f-a23d-450f-8d93-64f06c765b9d 200 in 210ms
 GET /api/hunts/f516aa8f-a23d-450f-8d93-64f06c765b9d 200 in 194ms
 GET /api/hunts/f516aa8f-a23d-450f-8d93-64f06c765b9d 200 in 266ms
 GET /api/hunts/f516aa8f-a23d-450f-8d93-64f06c765b9d 200 in 295ms
 GET /api/hunts/f516aa8f-a23d-450f-8d93-64f06c765b9d 200 in 186ms
 GET /api/hunts/f516aa8f-a23d-450f-8d93-64f06c765b9d 200 in 222ms
 GET /api/hunts/f516aa8f-a23d-450f-8d93-64f06c765b9d 200 in 292ms
 GET /api/hunts/f516aa8f-a23d-450f-8d93-64f06c765b9d 200 in 220ms
 GET /api/hunts/f516aa8f-a23d-450f-8d93-64f06c765b9d 200 in 250ms
 GET /api/hunts/f516aa8f-a23d-450f-8d93-64f06c765b9d 200 in 268ms
 GET /api/hunts/f516aa8f-a23d-450f-8d93-64f06c765b9d 200 in 252ms
 GET /api/hunts/f516aa8f-a23d-450f-8d93-64f06c765b9d 200 in 194ms
 GET /api/hunts/f516aa8f-a23d-450f-8d93-64f06c765b9d 200 in 255ms
 GET /api/hunts/f516aa8f-a23d-450f-8d93-64f06c765b9d 200 in 243ms
 GET /api/hunts/f516aa8f-a23d-450f-8d93-64f06c765b9d 200 in 248ms
 GET /api/hunts/f516aa8f-a23d-450f-8d93-64f06c765b9d 200 in 227ms
 GET /api/hunts/f516aa8f-a23d-450f-8d93-64f06c765b9d 200 in 206ms
 GET /api/hunts/f516aa8f-a23d-450f-8d93-64f06c765b9d 200 in 205ms
 GET /api/hunts/f516aa8f-a23d-450f-8d93-64f06c765b9d 200 in 232ms
 GET /api/hunts/f516aa8f-a23d-450f-8d93-64f06c765b9d 200 in 258ms
 GET /api/hunts/f516aa8f-a23d-450f-8d93-64f06c765b9d 200 in 226ms
 GET /api/hunts/f516aa8f-a23d-450f-8d93-64f06c765b9d 200 in 199ms
 GET /api/hunts/f516aa8f-a23d-450f-8d93-64f06c765b9d 200 in 225ms
 GET /api/hunts/f516aa8f-a23d-450f-8d93-64f06c765b9d 200 in 208ms
 GET /api/hunts/f516aa8f-a23d-450f-8d93-64f06c765b9d 200 in 221ms
 GET /api/hunts/f516aa8f-a23d-450f-8d93-64f06c765b9d 200 in 215ms
 GET /api/hunts/f516aa8f-a23d-450f-8d93-64f06c765b9d 200 in 278ms
 GET /api/hunts/f516aa8f-a23d-450f-8d93-64f06c765b9d 200 in 267ms
 GET /api/hunts/f516aa8f-a23d-450f-8d93-64f06c765b9d 200 in 190ms
 GET /api/hunts/f516aa8f-a23d-450f-8d93-64f06c765b9d 200 in 240ms
 GET /api/hunts/f516aa8f-a23d-450f-8d93-64f06c765b9d 200 in 220ms
 GET /api/hunts/f516aa8f-a23d-450f-8d93-64f06c765b9d 200 in 248ms
 GET /api/hunts/f516aa8f-a23d-450f-8d93-64f06c765b9d 200 in 695ms
 GET /api/hunts/f516aa8f-a23d-450f-8d93-64f06c765b9d 200 in 225ms
 GET /api/hunts/f516aa8f-a23d-450f-8d93-64f06c765b9d 200 in 222ms
 GET /api/hunts/f516aa8f-a23d-450f-8d93-64f06c765b9d 200 in 195ms
 GET /api/hunts/f516aa8f-a23d-450f-8d93-64f06c765b9d 200 in 248ms
 GET /api/hunts/f516aa8f-a23d-450f-8d93-64f06c765b9d 200 in 212ms
 GET /api/hunts/f516aa8f-a23d-450f-8d93-64f06c765b9d 200 in 215ms
 GET /api/hunts/f516aa8f-a23d-450f-8d93-64f06c765b9d 200 in 224ms
 GET /api/hunts/f516aa8f-a23d-450f-8d93-64f06c765b9d 200 in 271ms
 GET /api/hunts/f516aa8f-a23d-450f-8d93-64f06c765b9d 200 in 248ms
 GET /api/hunts/f516aa8f-a23d-450f-8d93-64f06c765b9d 200 in 280ms
 GET /api/hunts/f516aa8f-a23d-450f-8d93-64f06c765b9d 200 in 264ms
 GET /api/hunts/f516aa8f-a23d-450f-8d93-64f06c765b9d 200 in 331ms
 GET /api/hunts/f516aa8f-a23d-450f-8d93-64f06c765b9d 200 in 327ms
 GET /api/hunts/f516aa8f-a23d-450f-8d93-64f06c765b9d 200 in 263ms
 GET /api/hunts/f516aa8f-a23d-450f-8d93-64f06c765b9d 200 in 275ms
 GET /api/hunts/f516aa8f-a23d-450f-8d93-64f06c765b9d 200 in 300ms
 GET /api/hunts/f516aa8f-a23d-450f-8d93-64f06c765b9d 200 in 291ms
 GET /api/hunts/f516aa8f-a23d-450f-8d93-64f06c765b9d 200 in 279ms
 GET /api/hunts/f516aa8f-a23d-450f-8d93-64f06c765b9d 200 in 323ms
 GET /api/hunts/f516aa8f-a23d-450f-8d93-64f06c765b9d 200 in 319ms
 GET /api/hunts/f516aa8f-a23d-450f-8d93-64f06c765b9d 200 in 335ms
 GET /api/hunts/f516aa8f-a23d-450f-8d93-64f06c765b9d 200 in 277ms
 GET /api/hunts/f516aa8f-a23d-450f-8d93-64f06c765b9d 200 in 296ms
 GET /api/hunts/f516aa8f-a23d-450f-8d93-64f06c765b9d 200 in 665ms
 GET /api/hunts/f516aa8f-a23d-450f-8d93-64f06c765b9d 200 in 282ms
 GET /api/hunts/f516aa8f-a23d-450f-8d93-64f06c765b9d 200 in 317ms
 GET /api/hunts/f516aa8f-a23d-450f-8d93-64f06c765b9d 200 in 282ms
 GET /api/hunts/f516aa8f-a23d-450f-8d93-64f06c765b9d 200 in 312ms
 GET /api/hunts/f516aa8f-a23d-450f-8d93-64f06c765b9d 200 in 283ms
 GET /api/hunts/f516aa8f-a23d-450f-8d93-64f06c765b9d 200 in 352ms
 GET /api/hunts/f516aa8f-a23d-450f-8d93-64f06c765b9d 200 in 500ms
 GET /api/hunts/f516aa8f-a23d-450f-8d93-64f06c765b9d 200 in 356ms
 GET /api/hunts/f516aa8f-a23d-450f-8d93-64f06c765b9d 200 in 369ms
 GET /api/hunts/f516aa8f-a23d-450f-8d93-64f06c765b9d 200 in 455ms
 GET /api/hunts/f516aa8f-a23d-450f-8d93-64f06c765b9d 200 in 356ms
 GET /api/hunts/f516aa8f-a23d-450f-8d93-64f06c765b9d 200 in 300ms
 GET /api/hunts/f516aa8f-a23d-450f-8d93-64f06c765b9d 200 in 307ms
 GET /api/hunts/f516aa8f-a23d-450f-8d93-64f06c765b9d 200 in 478ms
 GET /api/hunts/f516aa8f-a23d-450f-8d93-64f06c765b9d 200 in 345ms
 GET /api/hunts/f516aa8f-a23d-450f-8d93-64f06c765b9d 200 in 303ms
 GET /api/hunts/f516aa8f-a23d-450f-8d93-64f06c765b9d 200 in 283ms
 GET /api/hunts/f516aa8f-a23d-450f-8d93-64f06c765b9d 200 in 356ms
 GET /api/hunts/f516aa8f-a23d-450f-8d93-64f06c765b9d 200 in 379ms
 GET /api/hunts/f516aa8f-a23d-450f-8d93-64f06c765b9d 200 in 239ms
 GET /api/hunts/f516aa8f-a23d-450f-8d93-64f06c765b9d 200 in 319ms
 GET /api/hunts/f516aa8f-a23d-450f-8d93-64f06c765b9d 200 in 262ms
 GET /api/hunts/f516aa8f-a23d-450f-8d93-64f06c765b9d 200 in 330ms
 GET /api/hunts/f516aa8f-a23d-450f-8d93-64f06c765b9d 200 in 311ms
 GET /api/hunts/f516aa8f-a23d-450f-8d93-64f06c765b9d 200 in 382ms
 GET /api/hunts/f516aa8f-a23d-450f-8d93-64f06c765b9d 200 in 277ms
 GET /api/hunts/f516aa8f-a23d-450f-8d93-64f06c765b9d 200 in 311ms
 GET /api/hunts/f516aa8f-a23d-450f-8d93-64f06c765b9d 200 in 255ms
 GET /api/hunts/f516aa8f-a23d-450f-8d93-64f06c765b9d 200 in 259ms
 GET /api/hunts/f516aa8f-a23d-450f-8d93-64f06c765b9d 200 in 303ms
 GET /api/hunts/f516aa8f-a23d-450f-8d93-64f06c765b9d 200 in 350ms
 GET /api/hunts/f516aa8f-a23d-450f-8d93-64f06c765b9d 200 in 245ms
 GET /api/hunts/f516aa8f-a23d-450f-8d93-64f06c765b9d 200 in 245ms
 GET /api/hunts/f516aa8f-a23d-450f-8d93-64f06c765b9d 200 in 243ms
 GET /api/hunts/f516aa8f-a23d-450f-8d93-64f06c765b9d 200 in 306ms
 GET /api/hunts/f516aa8f-a23d-450f-8d93-64f06c765b9d 200 in 271ms
 GET /api/hunts/f516aa8f-a23d-450f-8d93-64f06c765b9d 200 in 716ms
 GET /api/hunts/f516aa8f-a23d-450f-8d93-64f06c765b9d 200 in 304ms
 GET /api/hunts/f516aa8f-a23d-450f-8d93-64f06c765b9d 200 in 238ms
 GET /api/hunts/f516aa8f-a23d-450f-8d93-64f06c765b9d 200 in 321ms
 GET /api/hunts/f516aa8f-a23d-450f-8d93-64f06c765b9d 200 in 280ms
 GET /api/hunts/f516aa8f-a23d-450f-8d93-64f06c765b9d 200 in 278ms
 GET /api/hunts/f516aa8f-a23d-450f-8d93-64f06c765b9d 200 in 249ms
 GET /api/hunts/f516aa8f-a23d-450f-8d93-64f06c765b9d 200 in 326ms
 GET /api/hunts/f516aa8f-a23d-450f-8d93-64f06c765b9d 200 in 260ms
 GET /api/hunts/f516aa8f-a23d-450f-8d93-64f06c765b9d 200 in 281ms
 GET /api/hunts/f516aa8f-a23d-450f-8d93-64f06c765b9d 200 in 251ms
 GET /api/hunts/f516aa8f-a23d-450f-8d93-64f06c765b9d 200 in 350ms
 GET /api/hunts/f516aa8f-a23d-450f-8d93-64f06c765b9d 200 in 276ms
 GET /api/hunts/f516aa8f-a23d-450f-8d93-64f06c765b9d 200 in 255ms
 GET /api/hunts/f516aa8f-a23d-450f-8d93-64f06c765b9d 200 in 315ms
 GET /api/hunts/f516aa8f-a23d-450f-8d93-64f06c765b9d 200 in 312ms
 GET /api/hunts/f516aa8f-a23d-450f-8d93-64f06c765b9d 200 in 338ms
 GET /api/hunts/f516aa8f-a23d-450f-8d93-64f06c765b9d 200 in 368ms
 GET /api/hunts/f516aa8f-a23d-450f-8d93-64f06c765b9d 200 in 311ms
 GET /api/hunts/f516aa8f-a23d-450f-8d93-64f06c765b9d 200 in 347ms
 GET /api/hunts/f516aa8f-a23d-450f-8d93-64f06c765b9d 200 in 316ms
 GET /api/hunts/f516aa8f-a23d-450f-8d93-64f06c765b9d 200 in 247ms
 GET /api/hunts/f516aa8f-a23d-450f-8d93-64f06c765b9d 200 in 337ms
 GET /api/hunts/f516aa8f-a23d-450f-8d93-64f06c765b9d 200 in 299ms
 GET /api/hunts/f516aa8f-a23d-450f-8d93-64f06c765b9d 200 in 273ms
 GET /api/hunts/f516aa8f-a23d-450f-8d93-64f06c765b9d 200 in 357ms
 GET /api/hunts/f516aa8f-a23d-450f-8d93-64f06c765b9d 200 in 292ms
 GET /api/hunts/f516aa8f-a23d-450f-8d93-64f06c765b9d 200 in 262ms
 GET /api/hunts/f516aa8f-a23d-450f-8d93-64f06c765b9d 200 in 250ms
 GET /api/hunts/f516aa8f-a23d-450f-8d93-64f06c765b9d 200 in 280ms
 GET /api/hunts/f516aa8f-a23d-450f-8d93-64f06c765b9d 200 in 277ms
 GET /api/hunts/f516aa8f-a23d-450f-8d93-64f06c765b9d 200 in 298ms
 GET /api/hunts/f516aa8f-a23d-450f-8d93-64f06c765b9d 200 in 326ms
 GET /api/hunts/f516aa8f-a23d-450f-8d93-64f06c765b9d 200 in 259ms
 GET /api/hunts/f516aa8f-a23d-450f-8d93-64f06c765b9d 200 in 288ms
 GET /api/hunts/f516aa8f-a23d-450f-8d93-64f06c765b9d 200 in 295ms
 GET /api/hunts/f516aa8f-a23d-450f-8d93-64f06c765b9d 200 in 276ms
 GET /api/hunts/f516aa8f-a23d-450f-8d93-64f06c765b9d 200 in 304ms
 GET /api/hunts/f516aa8f-a23d-450f-8d93-64f06c765b9d 200 in 309ms
